0001_0036_0120_0073_0073.jpg 1 36 120 73 73
0002_0155_0100_0067_0067.jpg 1 155 100 67 67
0003_0410_0219_0061_0061.jpg 1 410 219 61 61
0004_0041_0086_0038_0038.jpg 1 41 86 38 38
0005_0501_0042_0056_0056.jpg 1 501 42 56 56
0006_0044_0027_0064_0064.jpg 1 44 27 64 64
0007_0183_0108_0061_0061.jpg 1 183 108 61 61
0008_0028_0085_0080_0080.jpg 1 28 85 80 80
0009_0183_0035_0082_0082.jpg 1 183 35 82 82
0010_0309_0083_0042_0042.jpg 1 309 83 42 42
0011_0303_0305_0037_0037.jpg 1 303 305 37 37
0012_0267_0150_0060_0060.jpg 1 267 150 60 60
0013_0072_0132_0040_0040.jpg 1 72 132 40 40
0014_0055_0138_0069_0069.jpg 1 55 138 69 69
0015_0386_0168_0033_0033.jpg 1 386 168 33 33
0016_0032_0079_0081_0081.jpg 1 32 79 81 81
0017_0488_0371_0056_0056.jpg 1 488 371 56 56
0018_0215_0163_0054_0054.jpg 1 215 163 54 54
0019_0514_0385_0034_0034.jpg 1 514 385 34 34
0020_0086_0079_0031_0031.jpg 1 86 79 31 31
0021_0205_0083_0076_0076.jpg 1 205 83 76 76
0022_0136_0184_0034_0034.jpg 1 136 184 34 34
0023_0185_0053_0065_0065.jpg 1 185 53 65 65
0024_0068_0062_0051_0051.jpg 1 68 62 51 51
0025_0375_0495_0060_0060.jpg 1 375 495 60 60
0026_0028_0128_0084_0084.jpg 1 28 128 84 84
0027_0210_0056_0086_0086.jpg 1 210 56 86 86
0028_0088_0129_0057_0057.jpg 1 88 129 57 57
0029_0166_0093_0054_0054.jpg 1 166 93 54 54
0030_0125_0134_0044_0044.jpg 1 125 134 44 44
0031_0090_0048_0029_0029.jpg 1 90 48 29 29
0032_0125_0074_0033_0033.jpg 1 125 74 33 33
0033_0108_0057_0028_0028.jpg 1 108 57 28 28
0034_0208_0324_0027_0027.jpg 1 208 324 27 27
0035_0052_0183_0025_0025.jpg 1 52 183 25 25
0036_0277_0114_0030_0030.jpg 1 277 114 30 30
0037_0073_0072_0074_0074.jpg 1 73 72 74 74
0038_0059_0093_0028_0028.jpg 1 59 93 28 28
0039_0205_0115_0078_0078.jpg 1 205 115 78 78
0040_0125_0182_0030_0030.jpg 1 125 182 30 30
0041_0192_0116_0046_0046.jpg 1 192 116 46 46
0042_0038_0092_0067_0067.jpg 1 38 92 67 67
0043_0080_0146_0085_0085.jpg 1 80 146 85 85
0044_0413_0225_0064_0064.jpg 1 413 225 64 64
0045_0157_0105_0086_0086.jpg 1 157 105 86 86
0046_0316_0121_0048_0048.jpg 1 316 121 48 48
0047_0019_0144_0078_0078.jpg 1 19 144 78 78
0048_0120_0079_0047_0047.jpg 1 120 79 47 47
0049_0305_0295_0024_0024.jpg 1 305 295 24 24
0050_0097_0122_0040_0040.jpg 1 97 122 40 40
0051_0380_0173_0037_0037.jpg 1 380 173 37 37
0052_0210_0202_0045_0045.jpg 1 210 202 45 45
0053_0183_0135_0059_0059.jpg 1 183 135 59 59
0054_0312_0343_0070_0070.jpg 1 312 343 70 70
0055_0033_0064_0045_0045.jpg 1 33 64 45 45
0056_0190_0079_0084_0084.jpg 1 190 79 84 84
0057_0230_0136_0033_0033.jpg 1 230 136 33 33
0058_0069_0306_0062_0062.jpg 1 69 306 62 62
0059_0019_0071_0081_0081.jpg 1 19 71 81 81
0060_0460_0226_0048_0048.jpg 1 460 226 48 48
0061_0080_0024_0058_0058.jpg 1 80 24 58 58
0062_0102_0074_0066_0066.jpg 1 102 74 66 66
0063_0095_0127_0044_0044.jpg 1 95 127 44 44
0064_0064_0119_0029_0029.jpg 1 64 119 29 29
0065_0066_0111_0031_0031.jpg 1 66 111 31 31
0066_0148_0057_0061_0061.jpg 1 148 57 61 61
0067_0085_0139_0071_0071.jpg 1 85 139 71 71
0068_0219_0387_0049_0049.jpg 1 219 387 49 49
0069_0102_0020_0052_0052.jpg 1 102 20 52 52
0070_0175_0123_0032_0032.jpg 1 175 123 32 32
0071_0075_0131_0046_0046.jpg 1 75 131 46 46
0072_0061_0246_0033_0033.jpg 1 61 246 33 33
0073_0451_0139_0039_0039.jpg 1 451 139 39 39
0074_0103_0039_0060_0060.jpg 1 103 39 60 60
0075_0318_0155_0059_0059.jpg 1 318 155 59 59
0076_0398_0097_0081_0081.jpg 1 398 97 81 81
0077_0083_0308_0027_0027.jpg 1 83 308 27 27
0078_0227_0344_0042_0042.jpg 1 227 344 42 42
0079_0128_0106_0064_0064.jpg 1 128 106 64 64
0080_0122_0057_0062_0062.jpg 1 122 57 62 62
0081_0499_0103_0054_0054.jpg 1 499 103 54 54
0082_0093_0319_0067_0067.jpg 1 93 319 67 67
0083_0169_0068_0060_0060.jpg 1 169 68 60 60
0084_0262_0357_0077_0077.jpg 1 262 357 77 77
0085_0062_0121_0038_0038.jpg 1 62 121 38 38
0086_0133_0144_0026_0026.jpg 1 133 144 26 26
0087_0470_0054_0034_0034.jpg 1 470 54 34 34
0088_0030_0085_0055_0055.jpg 1 30 85 55 55
0089_0071_0363_0036_0036.jpg 1 71 363 36 36
0090_0067_0024_0026_0026.jpg 1 67 24 26 26
0091_0064_0021_0068_0068.jpg 1 64 21 68 68
0092_0530_0207_0039_0039.jpg 1 530 207 39 39
0093_0434_0208_0067_0067.jpg 1 434 208 67 67
0094_0056_0151_0047_0047.jpg 1 56 151 47 47
0095_0096_0085_0053_0053.jpg 1 96 85 53 53
0096_0345_0366_0038_0038.jpg 1 345 366 38 38
0097_0074_0139_0030_0030.jpg 1 74 139 30 30
0098_0425_0161_0070_0070.jpg 1 425 161 70 70
0099_0216_0229_0075_0075.jpg 1 216 229 75 75
0100_0235_0325_0038_0038.jpg 1 235 325 38 38
0101_0502_0339_0071_0071.jpg 1 502 339 71 71
0102_0362_0245_0074_0074.jpg 1 362 245 74 74
0103_0139_0224_0084_0084.jpg 1 139 224 84 84
0104_0071_0101_0056_0056.jpg 1 71 101 56 56
0105_0030_0021_0073_0073.jpg 1 30 21 73 73
0106_0397_0196_0029_0029.jpg 1 397 196 29 29
0107_0158_0320_0067_0067.jpg 1 158 320 67 67
0108_0458_0250_0056_0056.jpg 1 458 250 56 56
0109_0046_0054_0079_0079.jpg 1 46 54 79 79
0110_0323_0044_0079_0079.jpg 1 323 44 79 79
0111_0200_0149_0028_0028.jpg 1 200 149 28 28
0112_0128_0240_0060_0060.jpg 1 128 240 60 60
0113_0476_0135_0074_0074.jpg 1 476 135 74 74
0114_0315_0066_0037_0037.jpg 1 315 66 37 37
0115_0288_0049_0084_0084.jpg 1 288 49 84 84
0116_0058_0161_0048_0048.jpg 1 58 161 48 48
0117_0500_0167_0039_0039.jpg 1 500 167 39 39
0118_0302_0126_0031_0031.jpg 1 302 126 31 31
0119_0063_0292_0038_0038.jpg 1 63 292 38 38
0120_0209_0035_0074_0074.jpg 1 209 35 74 74
0121_0165_0082_0043_0043.jpg 1 165 82 43 43
0122_0334_0315_0060_0060.jpg 1 334 315 60 60
0123_0195_0109_0055_0055.jpg 1 195 109 55 55
0124_0329_0162_0042_0042.jpg 1 329 162 42 42
0125_0548_0270_0024_0024.jpg 1 548 270 24 24
0126_0074_0138_0027_0027.jpg 1 74 138 27 27
0127_0480_0064_0056_0056.jpg 1 480 64 56 56
0128_0021_0106_0077_0077.jpg 1 21 106 77 77
0129_0098_0064_0038_0038.jpg 1 98 64 38 38
0130_0226_0152_0067_0067.jpg 1 226 152 67 67
0131_0144_0280_0073_0073.jpg 1 144 280 73 73
0132_0374_0232_0079_0079.jpg 1 374 232 79 79
0133_0175_0145_0031_0031.jpg 1 175 145 31 31
0134_0361_0046_0032_0032.jpg 1 361 46 32 32
0135_0123_0183_0034_0034.jpg 1 123 183 34 34
0136_0129_0024_0062_0062.jpg 1 129 24 62 62
0137_0293_0441_0042_0042.jpg 1 293 441 42 42
0138_0014_0144_0046_0046.jpg 1 14 144 46 46
0139_0475_0376_0042_0042.jpg 1 475 376 42 42
0140_0037_0051_0062_0062.jpg 1 37 51 62 62
0141_0207_0136_0056_0056.jpg 1 207 136 56 56
0142_0474_0315_0046_0046.jpg 1 474 315 46 46
0143_0070_0039_0088_0088.jpg 1 70 39 88 88
0144_0461_0301_0072_0072.jpg 1 461 301 72 72
0145_0069_0166_0061_0061.jpg 1 69 166 61 61
0146_0250_0222_0082_0082.jpg 1 250 222 82 82
0147_0146_0114_0060_0060.jpg 1 146 114 60 60
0148_0220_0041_0041_0041.jpg 1 220 41 41 41
0149_0099_0158_0041_0041.jpg 1 99 158 41 41
0150_0049_0173_0031_0031.jpg 1 49 173 31 31
0151_0503_0081_0079_0079.jpg 1 503 81 79 79
0152_0387_0263_0052_0052.jpg 1 387 263 52 52
0153_0086_0095_0038_0038.jpg 1 86 95 38 38
0154_0159_0127_0087_0087.jpg 1 159 127 87 87
0155_0355_0134_0056_0056.jpg 1 355 134 56 56
0156_0422_0224_0027_0027.jpg 1 422 224 27 27
0157_0115_0130_0025_0025.jpg 1 115 130 25 25
0158_0098_0390_0036_0036.jpg 1 98 390 36 36
0159_0340_0315_0031_0031.jpg 1 340 315 31 31
0160_0062_0060_0072_0072.jpg 1 62 60 72 72
0161_0180_0034_0053_0053.jpg 1 180 34 53 53
0162_0084_0109_0085_0085.jpg 1 84 109 85 85
0163_0090_0139_0058_0058.jpg 1 90 139 58 58
0164_0026_0131_0073_0073.jpg 1 26 131 73 73
0165_0142_0064_0065_0065.jpg 1 142 64 65 65
0166_0131_0041_0080_0080.jpg 1 131 41 80 80
0167_0201_0037_0058_0058.jpg 1 201 37 58 58
0168_0076_0018_0081_0081.jpg 1 76 18 81 81
0169_0132_0339_0070_0070.jpg 1 132 339 70 70
0170_0147_0140_0076_0076.jpg 1 147 140 76 76
0171_0101_0085_0055_0055.jpg 1 101 85 55 55
0172_0216_0133_0048_0048.jpg 1 216 133 48 48
0173_0131_0119_0054_0054.jpg 1 131 119 54 54
0174_0079_0162_0057_0057.jpg 1 79 162 57 57
0175_0031_0117_0056_0056.jpg 1 31 117 56 56
0176_0319_0285_0079_0079.jpg 1 319 285 79 79
0177_0313_0361_0035_0035.jpg 1 313 361 35 35
0178_0044_0179_0034_0034.jpg 1 44 179 34 34
0179_0177_0029_0042_0042.jpg 1 177 29 42 42
0180_0216_0177_0070_0070.jpg 1 216 177 70 70
0181_0387_0211_0033_0033.jpg 1 387 211 33 33
0182_0087_0051_0060_0060.jpg 1 87 51 60 60
0183_0338_0495_0080_0080.jpg 1 338 495 80 80
0184_0024_0050_0061_0061.jpg 1 24 50 61 61
0185_0162_0061_0054_0054.jpg 1 162 61 54 54
0186_0050_0023_0083_0083.jpg 1 50 23 83 83
0187_0119_0045_0058_0058.jpg 1 119 45 58 58
0188_0012_0145_0066_0066.jpg 1 12 145 66 66
0189_0330_0203_0087_0087.jpg 1 330 203 87 87
0190_0048_0083_0029_0029.jpg 1 48 83 29 29
0191_0240_0173_0027_0027.jpg 1 240 173 27 27
0192_0215_0116_0077_0077.jpg 1 215 116 77 77
0193_0108_0329_0083_0083.jpg 1 108 329 83 83
0194_0358_0218_0066_0066.jpg 1 358 218 66 66
0195_0300_0333_0048_0048.jpg 1 300 333 48 48
0196_0243_0054_0041_0041.jpg 1 243 54 41 41
0197_0482_0092_0072_0072.jpg 1 482 92 72 72
0198_0262_0361_0044_0044.jpg 1 262 361 44 44
0199_0025_0114_0074_0074.jpg 1 25 114 74 74
0200_0084_0145_0031_0031.jpg 1 84 145 31 31
0201_0342_0224_0035_0035.jpg 1 342 224 35 35
0202_0470_0135_0064_0064.jpg 1 470 135 64 64
0203_0104_0079_0076_0076.jpg 1 104 79 76 76
0204_0145_0115_0024_0024.jpg 1 145 115 24 24
0205_0256_0325_0036_0036.jpg 1 256 325 36 36
0206_0292_0223_0043_0043.jpg 1 292 223 43 43
0207_0123_0088_0077_0077.jpg 1 123 88 77 77
0208_0353_0295_0040_0040.jpg 1 353 295 40 40
0209_0476_0176_0039_0039.jpg 1 476 176 39 39
0210_0037_0048_0029_0029.jpg 1 37 48 29 29
0211_0155_0054_0083_0083.jpg 1 155 54 83 83
0212_0243_0206_0079_0079.jpg 1 243 206 79 79
0213_0028_0137_0031_0031.jpg 1 28 137 31 31
0214_0456_0265_0047_0047.jpg 1 456 265 47 47
0215_0128_0088_0087_0087.jpg 1 128 88 87 87
0216_0207_0354_0027_0027.jpg 1 207 354 27 27
0217_0288_0082_0033_0033.jpg 1 288 82 33 33
0218_0489_0291_0052_0052.jpg 1 489 291 52 52
0219_0299_0357_0033_0033.jpg 1 299 357 33 33
0220_0127_0063_0072_0072.jpg 1 127 63 72 72
0221_0207_0477_0064_0064.jpg 1 207 477 64 64
0222_0226_0278_0068_0068.jpg 1 226 278 68 68
0223_0452_0132_0062_0062.jpg 1 452 132 62 62
0224_0068_0033_0064_0064.jpg 1 68 33 64 64
0225_0099_0027_0062_0062.jpg 1 99 27 62 62
0226_0317_0116_0083_0083.jpg 1 317 116 83 83
0227_0287_0130_0027_0027.jpg 1 287 130 27 27
0228_0132_0120_0038_0038.jpg 1 132 120 38 38
0229_0118_0100_0063_0063.jpg 1 118 100 63 63
0230_0342_0289_0085_0085.jpg 1 342 289 85 85
0231_0049_0069_0038_0038.jpg 1 49 69 38 38
0232_0225_0089_0039_0039.jpg 1 225 89 39 39
0233_0179_0058_0061_0061.jpg 1 179 58 61 61
0234_0116_0283_0041_0041.jpg 1 116 283 41 41
0235_0036_0143_0049_0049.jpg 1 36 143 49 49
0236_0062_0037_0081_0081.jpg 1 62 37 81 81
0237_0477_0090_0043_0043.jpg 1 477 90 43 43
0238_0433_0214_0078_0078.jpg 1 433 214 78 78
0239_0223_0128_0034_0034.jpg 1 223 128 34 34
0240_0201_0125_0033_0033.jpg 1 201 125 33 33
0241_0434_0331_0081_0081.jpg 1 434 331 81 81
0242_0084_0128_0044_0044.jpg 1 84 128 44 44
0243_0103_0129_0070_0070.jpg 1 103 129 70 70
0244_0139_0101_0047_0047.jpg 1 139 101 47 47
0245_0208_0128_0025_0025.jpg 1 208 128 25 25
0246_0273_0482_0067_0067.jpg 1 273 482 67 67
0247_0328_0128_0053_0053.jpg 1 328 128 53 53
0248_0108_0024_0060_0060.jpg 1 108 24 60 60
0249_0151_0046_0026_0026.jpg 1 151 46 26 26
0250_0253_0137_0035_0035.jpg 1 253 137 35 35
0251_0519_0262_0033_0033.jpg 1 519 262 33 33
0252_0499_0317_0050_0050.jpg 1 499 317 50 50
0253_0310_0088_0054_0054.jpg 1 310 88 54 54
0254_0258_0287_0037_0037.jpg 1 258 287 37 37
0255_0471_0106_0036_0036.jpg 1 471 106 36 36
0256_0246_0291_0052_0052.jpg 1 246 291 52 52
0257_0059_0103_0070_0070.jpg 1 59 103 70 70
0258_0447_0235_0059_0059.jpg 1 447 235 59 59
0259_0235_0206_0069_0069.jpg 1 235 206 69 69
0260_0368_0312_0038_0038.jpg 1 368 312 38 38
0261_0054_0147_0066_0066.jpg 1 54 147 66 66
0262_0057_0144_0059_0059.jpg 1 57 144 59 59
0263_0467_0142_0033_0033.jpg 1 467 142 33 33
0264_0465_0246_0079_0079.jpg 1 465 246 79 79
0265_0169_0124_0044_0044.jpg 1 169 124 44 44
0266_0428_0257_0078_0078.jpg 1 428 257 78 78
0267_0109_0046_0067_0067.jpg 1 109 46 67 67
0268_0523_0163_0050_0050.jpg 1 523 163 50 50
0269_0233_0144_0039_0039.jpg 1 233 144 39 39
0270_0166_0121_0085_0085.jpg 1 166 121 85 85
0271_0134_0134_0029_0029.jpg 1 134 134 29 29
0272_0040_0108_0058_0058.jpg 1 40 108 58 58
0273_0066_0113_0077_0077.jpg 1 66 113 77 77
0274_0082_0061_0042_0042.jpg 1 82 61 42 42
0275_0108_0286_0071_0071.jpg 1 108 286 71 71
0276_0210_0122_0076_0076.jpg 1 210 122 76 76
0277_0055_0025_0080_0080.jpg 1 55 25 80 80
0278_0092_0067_0045_0045.jpg 1 92 67 45 45
0279_0254_0432_0028_0028.jpg 1 254 432 28 28
0280_0044_0079_0087_0087.jpg 1 44 79 87 87
0281_0102_0116_0039_0039.jpg 1 102 116 39 39
0282_0529_0277_0038_0038.jpg 1 529 277 38 38
0283_0307_0135_0083_0083.jpg 1 307 135 83 83
0284_0415_0124_0075_0075.jpg 1 415 124 75 75
0285_0213_0087_0077_0077.jpg 1 213 87 77 77
0286_0082_0109_0052_0052.jpg 1 82 109 52 52
0287_0058_0020_0032_0032.jpg 1 58 20 32 32
0288_0153_0031_0062_0062.jpg 1 153 31 62 62
0289_0194_0250_0064_0064.jpg 1 194 250 64 64
0290_0062_0074_0038_0038.jpg 1 62 74 38 38
0291_0318_0156_0029_0029.jpg 1 318 156 29 29
0292_0079_0023_0053_0053.jpg 1 79 23 53 53
0293_0238_0035_0028_0028.jpg 1 238 35 28 28
0294_0165_0108_0085_0085.jpg 1 165 108 85 85
0295_0492_0265_0034_0034.jpg 1 492 265 34 34
0296_0356_0214_0086_0086.jpg 1 356 214 86 86
0297_0079_0025_0080_0080.jpg 1 79 25 80 80
0298_0047_0138_0071_0071.jpg 1 47 138 71 71
0299_0122_0042_0033_0033.jpg 1 122 42 33 33
0300_0245_0369_0048_0048.jpg 1 245 369 48 48
0301_0126_0202_0065_0065.jpg 1 126 202 65 65
0302_0061_0127_0045_0045.jpg 1 61 127 45 45
0303_0090_0152_0043_0043.jpg 1 90 152 43 43
0304_0036_0063_0066_0066.jpg 1 36 63 66 66
0305_0036_0124_0049_0049.jpg 1 36 124 49 49
0306_0136_0213_0087_0087.jpg 1 136 213 87 87
0307_0055_0120_0079_0079.jpg 1 55 120 79 79
0308_0254_0417_0084_0084.jpg 1 254 417 84 84
0309_0033_0037_0080_0080.jpg 1 33 37 80 80
0310_0523_0155_0054_0054.jpg 1 523 155 54 54
0311_0517_0232_0051_0051.jpg 1 517 232 51 51
0312_0057_0117_0080_0080.jpg 1 57 117 80 80
0313_0163_0242_0082_0082.jpg 1 163 242 82 82
0314_0141_0180_0027_0027.jpg 1 141 180 27 27
0315_0145_0339_0067_0067.jpg 1 145 339 67 67
0316_0459_0115_0069_0069.jpg 1 459 115 69 69
0317_0007_0085_0086_0086.jpg 1 7 85 86 86
0318_0212_0277_0075_0075.jpg 1 212 277 75 75
0319_0222_0080_0062_0062.jpg 1 222 80 62 62
0320_0156_0024_0076_0076.jpg 1 156 24 76 76
0321_0091_0240_0081_0081.jpg 1 91 240 81 81
0322_0108_0135_0056_0056.jpg 1 108 135 56 56
0323_0100_0297_0024_0024.jpg 1 100 297 24 24
0324_0286_0314_0030_0030.jpg 1 286 314 30 30
0325_0121_0191_0078_0078.jpg 1 121 191 78 78
0326_0171_0168_0027_0027.jpg 1 171 168 27 27
0327_0131_0301_0068_0068.jpg 1 131 301 68 68
0328_0413_0180_0030_0030.jpg 1 413 180 30 30
0329_0323_0044_0075_0075.jpg 1 323 44 75 75
0330_0096_0137_0070_0070.jpg 1 96 137 70 70
0331_0477_0269_0057_0057.jpg 1 477 269 57 57
0332_0515_0178_0050_0050.jpg 1 515 178 50 50
0333_0326_0248_0031_0031.jpg 1 326 248 31 31
0334_0085_0041_0042_0042.jpg 1 85 41 42 42
0335_0051_0045_0061_0061.jpg 1 51 45 61 61
0336_0348_0370_0028_0028.jpg 1 348 370 28 28
0337_0061_0136_0056_0056.jpg 1 61 136 56 56
0338_0116_0092_0040_0040.jpg 1 116 92 40 40
0339_0040_0089_0032_0032.jpg 1 40 89 32 32
0340_0031_0101_0030_0030.jpg 1 31 101 30 30
0341_0526_0287_0041_0041.jpg 1 526 287 41 41
0342_0276_0068_0069_0069.jpg 1 276 68 69 69
0343_0043_0018_0058_0058.jpg 1 43 18 58 58
0344_0216_0158_0046_0046.jpg 1 216 158 46 46
0345_0151_0332_0033_0033.jpg 1 151 332 33 33
0346_0359_0073_0045_0045.jpg 1 359 73 45 45
0347_0129_0283_0083_0083.jpg 1 129 283 83 83
0348_0095_0040_0081_0081.jpg 1 95 40 81 81
0349_0072_0085_0043_0043.jpg 1 72 85 43 43
0350_0250_0309_0040_0040.jpg 1 250 309 40 40
0351_0435_0205_0028_0028.jpg 1 435 205 28 28
0352_0367_0182_0087_0087.jpg 1 367 182 87 87
0353_0161_0086_0066_0066.jpg 1 161 86 66 66
0354_0448_0208_0084_0084.jpg 1 448 208 84 84
0355_0100_0077_0083_0083.jpg 1 100 77 83 83
0356_0281_0070_0075_0075.jpg 1 281 70 75 75
0357_0052_0114_0046_0046.jpg 1 52 114 46 46
0358_0139_0017_0075_0075.jpg 1 139 17 75 75
0359_0163_0153_0026_0026.jpg 1 163 153 26 26
0360_0132_0094_0054_0054.jpg 1 132 94 54 54
0361_0196_0245_0061_0061.jpg 1 196 245 61 61
0362_0073_0167_0036_0036.jpg 1 73 167 36 36
0363_0219_0286_0076_0076.jpg 1 219 286 76 76
0364_0450_0338_0063_0063.jpg 1 450 338 63 63
0365_0399_0233_0078_0078.jpg 1 399 233 78 78
0366_0450_0362_0057_0057.jpg 1 450 362 57 57
0367_0466_0099_0084_0084.jpg 1 466 99 84 84
0368_0184_0123_0025_0025.jpg 1 184 123 25 25
0369_0192_0028_0032_0032.jpg 1 192 28 32 32
0370_0104_0096_0052_0052.jpg 1 104 96 52 52
0371_0085_0033_0081_0081.jpg 1 85 33 81 81
0372_0066_0097_0025_0025.jpg 1 66 97 25 25
0373_0034_0132_0048_0048.jpg 1 34 132 48 48
0374_0136_0115_0064_0064.jpg 1 136 115 64 64
0375_0085_0114_0040_0040.jpg 1 85 114 40 40
0376_0085_0089_0052_0052.jpg 1 85 89 52 52
0377_0199_0115_0080_0080.jpg 1 199 115 80 80
0378_0074_0337_0083_0083.jpg 1 74 337 83 83
0379_0242_0078_0025_0025.jpg 1 242 78 25 25
0380_0249_0265_0082_0082.jpg 1 249 265 82 82
0381_0072_0147_0076_0076.jpg 1 72 147 76 76
0382_0118_0057_0048_0048.jpg 1 118 57 48 48
0383_0545_0192_0028_0028.jpg 1 545 192 28 28
0384_0086_0083_0077_0077.jpg 1 86 83 77 77
0385_0045_0148_0073_0073.jpg 1 45 148 73 73
0386_0084_0047_0076_0076.jpg 1 84 47 76 76
0387_0159_0085_0057_0057.jpg 1 159 85 57 57
0388_0265_0271_0032_0032.jpg 1 265 271 32 32
0389_0371_0196_0025_0025.jpg 1 371 196 25 25
0390_0232_0074_0063_0063.jpg 1 232 74 63 63
0391_0132_0367_0055_0055.jpg 1 132 367 55 55
0392_0229_0135_0038_0038.jpg 1 229 135 38 38
0393_0326_0133_0026_0026.jpg 1 326 133 26 26
0394_0166_0323_0030_0030.jpg 1 166 323 30 30
0395_0162_0042_0074_0074.jpg 1 162 42 74 74
0396_0284_0083_0077_0077.jpg 1 284 83 77 77
0397_0194_0127_0085_0085.jpg 1 194 127 85 85
0398_0043_0144_0056_0056.jpg 1 43 144 56 56
0399_0477_0101_0070_0070.jpg 1 477 101 70 70
0400_0365_0361_0056_0056.jpg 1 365 361 56 56
0401_0342_0330_0088_0088.jpg 1 342 330 88 88
0402_0048_0030_0070_0070.jpg 1 48 30 70 70
0403_0020_0134_0071_0071.jpg 1 20 134 71 71
0404_0150_0073_0052_0052.jpg 1 150 73 52 52
0405_0282_0113_0061_0061.jpg 1 282 113 61 61
0406_0189_0088_0080_0080.jpg 1 189 88 80 80
0407_0285_0443_0080_0080.jpg 1 285 443 80 80
0408_0415_0045_0055_0055.jpg 1 415 45 55 55
0409_0038_0143_0034_0034.jpg 1 38 143 34 34
0410_0413_0318_0079_0079.jpg 1 413 318 79 79
0411_0412_0345_0083_0083.jpg 1 412 345 83 83
0412_0196_0083_0067_0067.jpg 1 196 83 67 67
0413_0102_0055_0034_0034.jpg 1 102 55 34 34
0414_0023_0031_0031_0031.jpg 1 23 31 31 31
0415_0077_0145_0076_0076.jpg 1 77 145 76 76
0416_0250_0075_0080_0080.jpg 1 250 75 80 80
0417_0199_0073_0056_0056.jpg 1 199 73 56 56
0418_0027_0084_0085_0085.jpg 1 27 84 85 85
0419_0036_0061_0087_0087.jpg 1 36 61 87 87
0420_0263_0277_0078_0078.jpg 1 263 277 78 78
0421_0060_0085_0024_0024.jpg 1 60 85 24 24
0422_0242_0296_0085_0085.jpg 1 242 296 85 85
0423_0145_0127_0071_0071.jpg 1 145 127 71 71
0424_0038_0024_0028_0028.jpg 1 38 24 28 28
0425_0098_0198_0037_0037.jpg 1 98 198 37 37
0426_0141_0257_0036_0036.jpg 1 141 257 36 36
0427_0041_0080_0039_0039.jpg 1 41 80 39 39
0428_0111_0078_0055_0055.jpg 1 111 78 55 55
0429_0219_0053_0063_0063.jpg 1 219 53 63 63
0430_0265_0255_0071_0071.jpg 1 265 255 71 71
0431_0027_0131_0024_0024.jpg 1 27 131 24 24
0432_0052_0091_0078_0078.jpg 1 52 91 78 78
0433_0231_0064_0055_0055.jpg 1 231 64 55 55
0434_0211_0156_0034_0034.jpg 1 211 156 34 34
0435_0294_0240_0055_0055.jpg 1 294 240 55 55
0436_0098_0163_0041_0041.jpg 1 98 163 41 41
0437_0023_0072_0048_0048.jpg 1 23 72 48 48
0438_0058_0317_0075_0075.jpg 1 58 317 75 75
0439_0134_0045_0028_0028.jpg 1 134 45 28 28
0440_0115_0023_0073_0073.jpg 1 115 23 73 73
0441_0508_0066_0052_0052.jpg 1 508 66 52 52
0442_0135_0015_0088_0088.jpg 1 135 15 88 88
0443_0342_0352_0080_0080.jpg 1 342 352 80 80
0444_0182_0296_0073_0073.jpg 1 182 296 73 73
0445_0179_0067_0036_0036.jpg 1 179 67 36 36
0446_0076_0057_0046_0046.jpg 1 76 57 46 46
0447_0151_0266_0051_0051.jpg 1 151 266 51 51
0448_0328_0452_0031_0031.jpg 1 328 452 31 31
0449_0356_0130_0059_0059.jpg 1 356 130 59 59
0450_0063_0093_0041_0041.jpg 1 63 93 41 41
0451_0209_0063_0064_0064.jpg 1 209 63 64 64
0452_0109_0153_0051_0051.jpg 1 109 153 51 51
0453_0410_0162_0030_0030.jpg 1 410 162 30 30
0454_0359_0262_0030_0030.jpg 1 359 262 30 30
0455_0028_0024_0052_0052.jpg 1 28 24 52 52
0456_0275_0254_0083_0083.jpg 1 275 254 83 83
0457_0312_0305_0085_0085.jpg 1 312 305 85 85
0458_0049_0145_0051_0051.jpg 1 49 145 51 51
0459_0114_0047_0072_0072.jpg 1 114 47 72 72
0460_0521_0360_0051_0051.jpg 1 521 360 51 51
0461_0057_0069_0053_0053.jpg 1 57 69 53 53
0462_0107_0349_0058_0058.jpg 1 107 349 58 58
0463_0018_0078_0065_0065.jpg 1 18 78 65 65
0464_0085_0063_0047_0047.jpg 1 85 63 47 47
0465_0232_0191_0086_0086.jpg 1 232 191 86 86
0466_0146_0323_0068_0068.jpg 1 146 323 68 68
0467_0132_0212_0048_0048.jpg 1 132 212 48 48
0468_0107_0071_0025_0025.jpg 1 107 71 25 25
0469_0455_0177_0061_0061.jpg 1 455 177 61 61
0470_0105_0171_0036_0036.jpg 1 105 171 36 36
0471_0249_0267_0073_0073.jpg 1 249 267 73 73
0472_0054_0340_0045_0045.jpg 1 54 340 45 45
0473_0159_0077_0061_0061.jpg 1 159 77 61 61
0474_0407_0166_0057_0057.jpg 1 407 166 57 57
0475_0331_0061_0067_0067.jpg 1 331 61 67 67
0476_0115_0121_0049_0049.jpg 1 115 121 49 49
0477_0103_0050_0085_0085.jpg 1 103 50 85 85
0478_0480_0330_0046_0046.jpg 1 480 330 46 46
0479_0471_0328_0087_0087.jpg 1 471 328 87 87
0480_0237_0137_0055_0055.jpg 1 237 137 55 55
0481_0095_0116_0036_0036.jpg 1 95 116 36 36
0482_0319_0122_0044_0044.jpg 1 319 122 44 44
0483_0136_0320_0050_0050.jpg 1 136 320 50 50
0484_0434_0335_0041_0041.jpg 1 434 335 41 41
0485_0167_0024_0055_0055.jpg 1 167 24 55 55
0486_0033_0077_0084_0084.jpg 1 33 77 84 84
0487_0162_0233_0066_0066.jpg 1 162 233 66 66
0488_0228_0316_0061_0061.jpg 1 228 316 61 61
0489_0294_0067_0037_0037.jpg 1 294 67 37 37
0490_0456_0091_0069_0069.jpg 1 456 91 69 69
0491_0450_0307_0083_0083.jpg 1 450 307 83 83
0492_0361_0145_0072_0072.jpg 1 361 145 72 72
0493_0105_0036_0073_0073.jpg 1 105 36 73 73
0494_0355_0312_0026_0026.jpg 1 355 312 26 26
0495_0085_0108_0068_0068.jpg 1 85 108 68 68
0496_0153_0110_0043_0043.jpg 1 153 110 43 43
0497_0218_0094_0061_0061.jpg 1 218 94 61 61
0498_0102_0312_0047_0047.jpg 1 102 312 47 47
0499_0071_0128_0071_0071.jpg 1 71 128 71 71
0500_0085_0115_0058_0058.jpg 1 85 115 58 58
0501_0150_0120_0051_0051.jpg 1 150 120 51 51
0502_0312_0204_0049_0049.jpg 1 312 204 49 49
0503_0050_0108_0055_0055.jpg 1 50 108 55 55
0504_0419_0233_0070_0070.jpg 1 419 233 70 70
0505_0137_0240_0073_0073.jpg 1 137 240 73 73
0506_0244_0100_0045_0045.jpg 1 244 100 45 45
0507_0322_0151_0073_0073.jpg 1 322 151 73 73
0508_0156_0038_0060_0060.jpg 1 156 38 60 60
0509_0188_0120_0052_0052.jpg 1 188 120 52 52
0510_0192_0092_0043_0043.jpg 1 192 92 43 43
0511_0530_0112_0044_0044.jpg 1 530 112 44 44
0512_0459_0170_0044_0044.jpg 1 459 170 44 44
0513_0046_0078_0081_0081.jpg 1 46 78 81 81
0514_0035_0032_0077_0077.jpg 1 35 32 77 77
0515_0070_0027_0069_0069.jpg 1 70 27 69 69
0516_0192_0021_0057_0057.jpg 1 192 21 57 57
0517_0272_0073_0033_0033.jpg 1 272 73 33 33
0518_0057_0129_0059_0059.jpg 1 57 129 59 59
0519_0237_0202_0038_0038.jpg 1 237 202 38 38
0520_0220_0167_0053_0053.jpg 1 220 167 53 53
0521_0110_0094_0027_0027.jpg 1 110 94 27 27
0522_0125_0070_0059_0059.jpg 1 125 70 59 59
0523_0136_0125_0082_0082.jpg 1 136 125 82 82
0524_0072_0118_0045_0045.jpg 1 72 118 45 45
0525_0449_0304_0038_0038.jpg 1 449 304 38 38
0526_0093_0066_0050_0050.jpg 1 93 66 50 50
0527_0063_0084_0086_0086.jpg 1 63 84 86 86
0528_0072_0088_0076_0076.jpg 1 72 88 76 76
0529_0381_0164_0068_0068.jpg 1 381 164 68 68
0530_0148_0104_0059_0059.jpg 1 148 104 59 59
0531_0521_0378_0041_0041.jpg 1 521 378 41 41
0532_0324_0058_0083_0083.jpg 1 324 58 83 83
0533_0218_0065_0063_0063.jpg 1 218 65 63 63
0534_0045_0032_0083_0083.jpg 1 45 32 83 83
0535_0529_0260_0042_0042.jpg 1 529 260 42 42
0536_0439_0147_0062_0062.jpg 1 439 147 62 62
0537_0144_0158_0052_0052.jpg 1 144 158 52 52
0538_0036_0049_0078_0078.jpg 1 36 49 78 78
0539_0064_0120_0059_0059.jpg 1 64 120 59 59
0540_0365_0325_0065_0065.jpg 1 365 325 65 65
0541_0442_0133_0084_0084.jpg 1 442 133 84 84
0542_0085_0060_0087_0087.jpg 1 85 60 87 87
0543_0060_0095_0079_0079.jpg 1 60 95 79 79
0544_0107_0105_0057_0057.jpg 1 107 105 57 57
0545_0530_0202_0029_0029.jpg 1 530 202 29 29
0546_0201_0119_0028_0028.jpg 1 201 119 28 28
0547_0336_0245_0081_0081.jpg 1 336 245 81 81
0548_0484_0088_0062_0062.jpg 1 484 88 62 62
0549_0327_0051_0073_0073.jpg 1 327 51 73 73
0550_0042_0050_0030_0030.jpg 1 42 50 30 30
0551_0202_0020_0040_0040.jpg 1 202 20 40 40
0552_0088_0176_0049_0049.jpg 1 88 176 49 49
0553_0181_0246_0050_0050.jpg 1 181 246 50 50
0554_0205_0054_0030_0030.jpg 1 205 54 30 30
0555_0412_0049_0074_0074.jpg 1 412 49 74 74
0556_0052_0147_0048_0048.jpg 1 52 147 48 48
0557_0364_0222_0056_0056.jpg 1 364 222 56 56
0558_0152_0101_0075_0075.jpg 1 152 101 75 75
0559_0135_0070_0047_0047.jpg 1 135 70 47 47
0560_0192_0500_0048_0048.jpg 1 192 500 48 48
0561_0212_0141_0042_0042.jpg 1 212 141 42 42
0562_0204_0023_0084_0084.jpg 1 204 23 84 84
0563_0105_0159_0048_0048.jpg 1 105 159 48 48
0564_0336_0070_0054_0054.jpg 1 336 70 54 54
0565_0118_0040_0028_0028.jpg 1 118 40 28 28
0566_0163_0047_0044_0044.jpg 1 163 47 44 44
0567_0077_0090_0046_0046.jpg 1 77 90 46 46
0568_0083_0088_0037_0037.jpg 1 83 88 37 37
0569_0237_0356_0045_0045.jpg 1 237 356 45 45
0570_0120_0060_0065_0065.jpg 1 120 60 65 65
0571_0121_0087_0079_0079.jpg 1 121 87 79 79
0572_0180_0126_0046_0046.jpg 1 180 126 46 46
0573_0033_0089_0075_0075.jpg 1 33 89 75 75
0574_0088_0092_0057_0057.jpg 1 88 92 57 57
0575_0104_0150_0052_0052.jpg 1 104 150 52 52
0576_0114_0136_0066_0066.jpg 1 114 136 66 66
0577_0117_0348_0070_0070.jpg 1 117 348 70 70
0578_0076_0333_0084_0084.jpg 1 76 333 84 84
0579_0039_0063_0068_0068.jpg 1 39 63 68 68
0580_0030_0071_0055_0055.jpg 1 30 71 55 55
0581_0446_0189_0051_0051.jpg 1 446 189 51 51
0582_0044_0117_0077_0077.jpg 1 44 117 77 77
0583_0378_0322_0035_0035.jpg 1 378 322 35 35
0584_0067_0155_0063_0063.jpg 1 67 155 63 63
0585_0181_0300_0029_0029.jpg 1 181 300 29 29
0586_0314_0169_0054_0054.jpg 1 314 169 54 54
0587_0213_0200_0077_0077.jpg 1 213 200 77 77
0588_0194_0274_0037_0037.jpg 1 194 274 37 37
0589_0058_0109_0060_0060.jpg 1 58 109 60 60
0590_0200_0206_0068_0068.jpg 1 200 206 68 68
0591_0073_0334_0040_0040.jpg 1 73 334 40 40
0592_0142_0121_0062_0062.jpg 1 142 121 62 62
0593_0073_0124_0053_0053.jpg 1 73 124 53 53
0594_0200_0112_0029_0029.jpg 1 200 112 29 29
0595_0098_0084_0038_0038.jpg 1 98 84 38 38
0596_0044_0111_0037_0037.jpg 1 44 111 37 37
0597_0272_0122_0077_0077.jpg 1 272 122 77 77
0598_0157_0053_0074_0074.jpg 1 157 53 74 74
0599_0061_0107_0048_0048.jpg 1 61 107 48 48
0600_0081_0275_0069_0069.jpg 1 81 275 69 69
0601_0023_0055_0053_0053.jpg 1 23 55 53 53
0602_0094_0046_0035_0035.jpg 1 94 46 35 35
0603_0288_0271_0051_0051.jpg 1 288 271 51 51
0604_0259_0375_0060_0060.jpg 1 259 375 60 60
0605_0213_0107_0078_0078.jpg 1 213 107 78 78
0606_0368_0224_0060_0060.jpg 1 368 224 60 60
0607_0169_0042_0040_0040.jpg 1 169 42 40 40
0608_0022_0073_0079_0079.jpg 1 22 73 79 79
0609_0217_0517_0027_0027.jpg 1 217 517 27 27
0610_0315_0309_0069_0069.jpg 1 315 309 69 69
0611_0353_0141_0083_0083.jpg 1 353 141 83 83
0612_0125_0283_0086_0086.jpg 1 125 283 86 86
0613_0218_0301_0077_0077.jpg 1 218 301 77 77
0614_0279_0241_0083_0083.jpg 1 279 241 83 83
0615_0024_0041_0087_0087.jpg 1 24 41 87 87
0616_0432_0237_0065_0065.jpg 1 432 237 65 65
0617_0217_0027_0064_0064.jpg 1 217 27 64 64
0618_0205_0079_0063_0063.jpg 1 205 79 63 63
0619_0347_0198_0035_0035.jpg 1 347 198 35 35
0620_0254_0333_0048_0048.jpg 1 254 333 48 48
0621_0517_0288_0053_0053.jpg 1 517 288 53 53
0622_0045_0042_0026_0026.jpg 1 45 42 26 26
0623_0425_0240_0035_0035.jpg 1 425 240 35 35
0624_0065_0400_0027_0027.jpg 1 65 400 27 27
0625_0326_0108_0080_0080.jpg 1 326 108 80 80
0626_0053_0057_0046_0046.jpg 1 53 57 46 46
0627_0203_0053_0070_0070.jpg 1 203 53 70 70
0628_0101_0117_0025_0025.jpg 1 101 117 25 25
0629_0215_0325_0069_0069.jpg 1 215 325 69 69
0630_0250_0107_0036_0036.jpg 1 250 107 36 36
0631_0047_0065_0084_0084.jpg 1 47 65 84 84
0632_0484_0236_0032_0032.jpg 1 484 236 32 32
0633_0454_0123_0067_0067.jpg 1 454 123 67 67
0634_0063_0052_0067_0067.jpg 1 63 52 67 67
0635_0093_0063_0072_0072.jpg 1 93 63 72 72
0636_0233_0161_0085_0085.jpg 1 233 161 85 85
0637_0053_0023_0077_0077.jpg 1 53 23 77 77
0638_0382_0242_0061_0061.jpg 1 382 242 61 61
0639_0189_0142_0052_0052.jpg 1 189 142 52 52
0640_0197_0087_0087_0087.jpg 1 197 87 87 87
0641_0503_0377_0052_0052.jpg 1 503 377 52 52
0642_0482_0160_0048_0048.jpg 1 482 160 48 48
0643_0105_0108_0031_0031.jpg 1 105 108 31 31
0644_0497_0171_0027_0027.jpg 1 497 171 27 27
0645_0050_0051_0086_0086.jpg 1 50 51 86 86
0646_0161_0235_0034_0034.jpg 1 161 235 34 34
0647_0033_0025_0077_0077.jpg 1 33 25 77 77
0648_0155_0056_0043_0043.jpg 1 155 56 43 43
0649_0299_0210_0074_0074.jpg 1 299 210 74 74
0650_0367_0050_0065_0065.jpg 1 367 50 65 65
0651_0151_0111_0033_0033.jpg 1 151 111 33 33
0652_0266_0284_0060_0060.jpg 1 266 284 60 60
0653_0466_0058_0055_0055.jpg 1 466 58 55 55
0654_0125_0109_0030_0030.jpg 1 125 109 30 30
0655_0170_0093_0027_0027.jpg 1 170 93 27 27
0656_0103_0117_0063_0063.jpg 1 103 117 63 63
0657_0100_0178_0046_0046.jpg 1 100 178 46 46
0658_0241_0063_0069_0069.jpg 1 241 63 69 69
0659_0213_0325_0027_0027.jpg 1 213 325 27 27
0660_0480_0265_0044_0044.jpg 1 480 265 44 44
0661_0499_0172_0076_0076.jpg 1 499 172 76 76
0662_0022_0095_0069_0069.jpg 1 22 95 69 69
0663_0401_0173_0047_0047.jpg 1 401 173 47 47
0664_0284_0322_0084_0084.jpg 1 284 322 84 84
0665_0107_0061_0043_0043.jpg 1 107 61 43 43
0666_0096_0041_0035_0035.jpg 1 96 41 35 35
0667_0103_0126_0039_0039.jpg 1 103 126 39 39
0668_0142_0090_0025_0025.jpg 1 142 90 25 25
0669_0271_0133_0041_0041.jpg 1 271 133 41 41
0670_0104_0273_0039_0039.jpg 1 104 273 39 39
0671_0112_0148_0066_0066.jpg 1 112 148 66 66
0672_0074_0096_0058_0058.jpg 1 74 96 58 58
0673_0396_0127_0069_0069.jpg 1 396 127 69 69
0674_0313_0190_0043_0043.jpg 1 313 190 43 43
0675_0243_0430_0024_0024.jpg 1 243 430 24 24
0676_0450_0275_0052_0052.jpg 1 450 275 52 52
0677_0295_0069_0084_0084.jpg 1 295 69 84 84
0678_0466_0253_0079_0079.jpg 1 466 253 79 79
0679_0428_0228_0074_0074.jpg 1 428 228 74 74
0680_0085_0097_0049_0049.jpg 1 85 97 49 49
0681_0288_0130_0038_0038.jpg 1 288 130 38 38
0682_0150_0083_0071_0071.jpg 1 150 83 71 71
0683_0035_0108_0073_0073.jpg 1 35 108 73 73
0684_0509_0306_0041_0041.jpg 1 509 306 41 41
0685_0181_0124_0064_0064.jpg 1 181 124 64 64
0686_0175_0053_0042_0042.jpg 1 175 53 42 42
0687_0248_0060_0039_0039.jpg 1 248 60 39 39
0688_0122_0066_0072_0072.jpg 1 122 66 72 72
0689_0211_0143_0054_0054.jpg 1 211 143 54 54
0690_0020_0154_0038_0038.jpg 1 20 154 38 38
0691_0501_0138_0060_0060.jpg 1 501 138 60 60
0692_0101_0253_0070_0070.jpg 1 101 253 70 70
0693_0366_0166_0058_0058.jpg 1 366 166 58 58
0694_0504_0212_0036_0036.jpg 1 504 212 36 36
0695_0382_0173_0038_0038.jpg 1 382 173 38 38
0696_0145_0204_0077_0077.jpg 1 145 204 77 77
0697_0072_0047_0027_0027.jpg 1 72 47 27 27
0698_0066_0107_0041_0041.jpg 1 66 107 41 41
0699_0062_0106_0057_0057.jpg 1 62 106 57 57
0700_0158_0119_0055_0055.jpg 1 158 119 55 55
0701_0517_0268_0027_0027.jpg 1 517 268 27 27
0702_0323_0051_0045_0045.jpg 1 323 51 45 45
0703_0084_0216_0051_0051.jpg 1 84 216 51 51
0704_0202_0113_0078_0078.jpg 1 202 113 78 78
0705_0066_0025_0062_0062.jpg 1 66 25 62 62
0706_0356_0369_0063_0063.jpg 1 356 369 63 63
0707_0120_0107_0047_0047.jpg 1 120 107 47 47
0708_0089_0353_0079_0079.jpg 1 89 353 79 79
0709_0254_0111_0029_0029.jpg 1 254 111 29 29
0710_0359_0057_0051_0051.jpg 1 359 57 51 51
0711_0467_0105_0027_0027.jpg 1 467 105 27 27
0712_0205_0060_0073_0073.jpg 1 205 60 73 73
0713_0450_0356_0059_0059.jpg 1 450 356 59 59
0714_0098_0144_0057_0057.jpg 1 98 144 57 57
0715_0473_0043_0081_0081.jpg 1 473 43 81 81
0716_0398_0470_0025_0025.jpg 1 398 470 25 25
0717_0071_0388_0035_0035.jpg 1 71 388 35 35
0718_0022_0150_0061_0061.jpg 1 22 150 61 61
0719_0135_0150_0069_0069.jpg 1 135 150 69 69
0720_0068_0043_0033_0033.jpg 1 68 43 33 33
0721_0134_0331_0069_0069.jpg 1 134 331 69 69
0722_0371_0185_0068_0068.jpg 1 371 185 68 68
0723_0182_0357_0047_0047.jpg 1 182 357 47 47
0724_0335_0144_0078_0078.jpg 1 335 144 78 78
0725_0214_0043_0066_0066.jpg 1 214 43 66 66
0726_0100_0120_0079_0079.jpg 1 100 120 79 79
0727_0060_0049_0052_0052.jpg 1 60 49 52 52
0728_0216_0151_0068_0068.jpg 1 216 151 68 68
0729_0372_0102_0069_0069.jpg 1 372 102 69 69
0730_0167_0331_0043_0043.jpg 1 167 331 43 43
0731_0096_0060_0067_0067.jpg 1 96 60 67 67
0732_0059_0034_0083_0083.jpg 1 59 34 83 83
0733_0357_0353_0047_0047.jpg 1 357 353 47 47
0734_0122_0273_0039_0039.jpg 1 122 273 39 39
0735_0222_0130_0067_0067.jpg 1 222 130 67 67
0736_0216_0022_0062_0062.jpg 1 216 22 62 62
0737_0548_0291_0029_0029.jpg 1 548 291 29 29
0738_0216_0350_0051_0051.jpg 1 216 350 51 51
0739_0072_0028_0064_0064.jpg 1 72 28 64 64
0740_0014_0120_0058_0058.jpg 1 14 120 58 58
0741_0073_0061_0027_0027.jpg 1 73 61 27 27
0742_0209_0091_0076_0076.jpg 1 209 91 76 76
0743_0208_0389_0039_0039.jpg 1 208 389 39 39
0744_0409_0252_0036_0036.jpg 1 409 252 36 36
0745_0342_0075_0059_0059.jpg 1 342 75 59 59
0746_0433_0159_0059_0059.jpg 1 433 159 59 59
0747_0139_0236_0077_0077.jpg 1 139 236 77 77
0748_0300_0092_0062_0062.jpg 1 300 92 62 62
0749_0075_0022_0049_0049.jpg 1 75 22 49 49
0750_0282_0479_0087_0087.jpg 1 282 479 87 87
0751_0137_0106_0067_0067.jpg 1 137 106 67 67
0752_0083_0023_0028_0028.jpg 1 83 23 28 28
0753_0414_0154_0087_0087.jpg 1 414 154 87 87
0754_0222_0053_0063_0063.jpg 1 222 53 63 63
0755_0231_0083_0054_0054.jpg 1 231 83 54 54
0756_0509_0342_0027_0027.jpg 1 509 342 27 27
0757_0096_0023_0085_0085.jpg 1 96 23 85 85
0758_0226_0165_0072_0072.jpg 1 226 165 72 72
0759_0070_0134_0077_0077.jpg 1 70 134 77 77
0760_0332_0300_0055_0055.jpg 1 332 300 55 55
0761_0061_0044_0086_0086.jpg 1 61 44 86 86
0762_0142_0121_0073_0073.jpg 1 142 121 73 73
0763_0459_0164_0053_0053.jpg 1 459 164 53 53
0764_0156_0156_0045_0045.jpg 1 156 156 45 45
0765_0035_0090_0063_0063.jpg 1 35 90 63 63
0766_0247_0133_0034_0034.jpg 1 247 133 34 34
0767_0273_0167_0042_0042.jpg 1 273 167 42 42
0768_0153_0058_0079_0079.jpg 1 153 58 79 79
0769_0126_0030_0069_0069.jpg 1 126 30 69 69
0770_0179_0352_0047_0047.jpg 1 179 352 47 47
0771_0092_0138_0026_0026.jpg 1 92 138 26 26
0772_0081_0081_0068_0068.jpg 1 81 81 68 68
0773_0075_0085_0071_0071.jpg 1 75 85 71 71
0774_0114_0097_0045_0045.jpg 1 114 97 45 45
0775_0081_0350_0076_0076.jpg 1 81 350 76 76
0776_0113_0176_0029_0029.jpg 1 113 176 29 29
0777_0187_0083_0049_0049.jpg 1 187 83 49 49
0778_0441_0114_0053_0053.jpg 1 441 114 53 53
0779_0029_0184_0035_0035.jpg 1 29 184 35 35
0780_0229_0214_0041_0041.jpg 1 229 214 41 41
0781_0014_0048_0068_0068.jpg 1 14 48 68 68
0782_0228_0199_0075_0075.jpg 1 228 199 75 75
0783_0286_0272_0063_0063.jpg 1 286 272 63 63
0784_0440_0263_0048_0048.jpg 1 440 263 48 48
0785_0065_0099_0050_0050.jpg 1 65 99 50 50
0786_0072_0044_0045_0045.jpg 1 72 44 45 45
0787_0156_0054_0042_0042.jpg 1 156 54 42 42
0788_0301_0229_0034_0034.jpg 1 301 229 34 34
0789_0326_0242_0045_0045.jpg 1 326 242 45 45
0790_0192_0099_0079_0079.jpg 1 192 99 79 79
0791_0210_0215_0084_0084.jpg 1 210 215 84 84
0792_0519_0209_0045_0045.jpg 1 519 209 45 45
0793_0103_0123_0072_0072.jpg 1 103 123 72 72
0794_0282_0470_0059_0059.jpg 1 282 470 59 59
0795_0211_0307_0027_0027.jpg 1 211 307 27 27
0796_0469_0309_0062_0062.jpg 1 469 309 62 62
0797_0097_0091_0085_0085.jpg 1 97 91 85 85
0798_0100_0044_0055_0055.jpg 1 100 44 55 55
0799_0055_0053_0077_0077.jpg 1 55 53 77 77
0800_0222_0106_0041_0041.jpg 1 222 106 41 41
0801_0360_0153_0028_0028.jpg 1 360 153 28 28
0802_0218_0021_0058_0058.jpg 1 218 21 58 58
0803_0275_0364_0052_0052.jpg 1 275 364 52 52
0804_0246_0278_0085_0085.jpg 1 246 278 85 85
0805_0463_0296_0070_0070.jpg 1 463 296 70 70
0806_0281_0194_0032_0032.jpg 1 281 194 32 32
0807_0072_0021_0032_0032.jpg 1 72 21 32 32
0808_0071_0091_0087_0087.jpg 1 71 91 87 87
0809_0183_0278_0039_0039.jpg 1 183 278 39 39
0810_0452_0146_0050_0050.jpg 1 452 146 50 50
0811_0070_0312_0078_0078.jpg 1 70 312 78 78
0812_0122_0087_0050_0050.jpg 1 122 87 50 50
0813_0038_0038_0082_0082.jpg 1 38 38 82 82
0814_0061_0046_0060_0060.jpg 1 61 46 60 60
0815_0139_0159_0080_0080.jpg 1 139 159 80 80
0816_0141_0061_0057_0057.jpg 1 141 61 57 57
0817_0067_0090_0031_0031.jpg 1 67 90 31 31
0818_0112_0065_0034_0034.jpg 1 112 65 34 34
0819_0035_0099_0076_0076.jpg 1 35 99 76 76
0820_0134_0069_0073_0073.jpg 1 134 69 73 73
0821_0040_0046_0062_0062.jpg 1 40 46 62 62
0822_0182_0185_0036_0036.jpg 1 182 185 36 36
0823_0027_0072_0024_0024.jpg 1 27 72 24 24
0824_0409_0322_0068_0068.jpg 1 409 322 68 68
0825_0113_0311_0071_0071.jpg 1 113 311 71 71
0826_0454_0121_0027_0027.jpg 1 454 121 27 27
0827_0069_0052_0087_0087.jpg 1 69 52 87 87
0828_0039_0036_0052_0052.jpg 1 39 36 52 52
0829_0045_0087_0064_0064.jpg 1 45 87 64 64
0830_0043_0023_0057_0057.jpg 1 43 23 57 57
0831_0197_0128_0026_0026.jpg 1 197 128 26 26
0832_0157_0100_0066_0066.jpg 1 157 100 66 66
0833_0071_0254_0077_0077.jpg 1 71 254 77 77
0834_0058_0040_0072_0072.jpg 1 58 40 72 72
0835_0496_0290_0053_0053.jpg 1 496 290 53 53
0836_0140_0113_0038_0038.jpg 1 140 113 38 38
0837_0417_0154_0064_0064.jpg 1 417 154 64 64
0838_0176_0065_0028_0028.jpg 1 176 65 28 28
0839_0071_0052_0055_0055.jpg 1 71 52 55 55
0840_0171_0141_0036_0036.jpg 1 171 141 36 36
0841_0160_0205_0055_0055.jpg 1 160 205 55 55
0842_0031_0067_0037_0037.jpg 1 31 67 37 37
0843_0322_0523_0045_0045.jpg 1 322 523 45 45
0844_0023_0156_0035_0035.jpg 1 23 156 35 35
0845_0194_0104_0066_0066.jpg 1 194 104 66 66
0846_0044_0032_0079_0079.jpg 1 44 32 79 79
0847_0400_0053_0088_0088.jpg 1 400 53 88 88
0848_0240_0238_0024_0024.jpg 1 240 238 24 24
0849_0248_0315_0043_0043.jpg 1 248 315 43 43
0850_0341_0373_0041_0041.jpg 1 341 373 41 41
0851_0151_0046_0061_0061.jpg 1 151 46 61 61
0852_0172_0361_0055_0055.jpg 1 172 361 55 55
0853_0502_0192_0080_0080.jpg 1 502 192 80 80
0854_0121_0089_0032_0032.jpg 1 121 89 32 32
0855_0020_0108_0076_0076.jpg 1 20 108 76 76
0856_0101_0052_0080_0080.jpg 1 101 52 80 80
0857_0108_0133_0031_0031.jpg 1 108 133 31 31
0858_0054_0040_0030_0030.jpg 1 54 40 30 30
0859_0337_0236_0083_0083.jpg 1 337 236 83 83
0860_0049_0489_0073_0073.jpg 1 49 489 73 73
0861_0245_0283_0080_0080.jpg 1 245 283 80 80
0862_0071_0143_0051_0051.jpg 1 71 143 51 51
0863_0083_0035_0043_0043.jpg 1 83 35 43 43
0864_0137_0218_0069_0069.jpg 1 137 218 69 69
0865_0503_0359_0048_0048.jpg 1 503 359 48 48
0866_0110_0106_0072_0072.jpg 1 110 106 72 72
0867_0452_0150_0042_0042.jpg 1 452 150 42 42
0868_0144_0060_0083_0083.jpg 1 144 60 83 83
0869_0029_0145_0054_0054.jpg 1 29 145 54 54
0870_0410_0208_0077_0077.jpg 1 410 208 77 77
0871_0267_0210_0051_0051.jpg 1 267 210 51 51
0872_0170_0195_0045_0045.jpg 1 170 195 45 45
0873_0147_0119_0064_0064.jpg 1 147 119 64 64
0874_0031_0159_0051_0051.jpg 1 31 159 51 51
0875_0285_0174_0062_0062.jpg 1 285 174 62 62
0876_0045_0178_0035_0035.jpg 1 45 178 35 35
0877_0185_0078_0080_0080.jpg 1 185 78 80 80
0878_0257_0289_0060_0060.jpg 1 257 289 60 60
0879_0055_0060_0065_0065.jpg 1 55 60 65 65
0880_0060_0137_0058_0058.jpg 1 60 137 58 58
0881_0363_0070_0085_0085.jpg 1 363 70 85 85
0882_0235_0383_0045_0045.jpg 1 235 383 45 45
0883_0137_0349_0078_0078.jpg 1 137 349 78 78
0884_0085_0153_0028_0028.jpg 1 85 153 28 28
0885_0042_0099_0025_0025.jpg 1 42 99 25 25
0886_0128_0044_0086_0086.jpg 1 128 44 86 86
0887_0250_0059_0035_0035.jpg 1 250 59 35 35
0888_0101_0344_0074_0074.jpg 1 101 344 74 74
0889_0363_0361_0038_0038.jpg 1 363 361 38 38
0890_0246_0126_0037_0037.jpg 1 246 126 37 37
0891_0040_0031_0049_0049.jpg 1 40 31 49 49
0892_0310_0135_0063_0063.jpg 1 310 135 63 63
0893_0111_0062_0025_0025.jpg 1 111 62 25 25
0894_0022_0104_0062_0062.jpg 1 22 104 62 62
0895_0091_0117_0081_0081.jpg 1 91 117 81 81
0896_0177_0124_0055_0055.jpg 1 177 124 55 55
0897_0116_0013_0066_0066.jpg 1 116 13 66 66
0898_0248_0079_0051_0051.jpg 1 248 79 51 51
0899_0125_0243_0085_0085.jpg 1 125 243 85 85
0900_0055_0121_0050_0050.jpg 1 55 121 50 50
0901_0078_0106_0044_0044.jpg 1 78 106 44 44
0902_0162_0064_0036_0036.jpg 1 162 64 36 36
0903_0404_0264_0066_0066.jpg 1 404 264 66 66
0904_0129_0061_0088_0088.jpg 1 129 61 88 88
0905_0054_0093_0057_0057.jpg 1 54 93 57 57
0906_0067_0095_0082_0082.jpg 1 67 95 82 82
0907_0158_0046_0024_0024.jpg 1 158 46 24 24
0908_0163_0484_0042_0042.jpg 1 163 484 42 42
0909_0474_0326_0083_0083.jpg 1 474 326 83 83
0910_0151_0020_0065_0065.jpg 1 151 20 65 65
0911_0483_0052_0070_0070.jpg 1 483 52 70 70
0912_0216_0213_0057_0057.jpg 1 216 213 57 57
0913_0446_0172_0046_0046.jpg 1 446 172 46 46
0914_0293_0040_0082_0082.jpg 1 293 40 82 82
0915_0307_0190_0087_0087.jpg 1 307 190 87 87
0916_0039_0068_0071_0071.jpg 1 39 68 71 71
0917_0194_0283_0024_0024.jpg 1 194 283 24 24
0918_0343_0250_0083_0083.jpg 1 343 250 83 83
0919_0227_0162_0036_0036.jpg 1 227 162 36 36
0920_0113_0069_0042_0042.jpg 1 113 69 42 42
0921_0459_0099_0056_0056.jpg 1 459 99 56 56
0922_0050_0139_0050_0050.jpg 1 50 139 50 50
0923_0162_0101_0050_0050.jpg 1 162 101 50 50
0924_0449_0100_0088_0088.jpg 1 449 100 88 88
0925_0147_0144_0054_0054.jpg 1 147 144 54 54
0926_0035_0120_0036_0036.jpg 1 35 120 36 36
0927_0122_0146_0068_0068.jpg 1 122 146 68 68
0928_0044_0032_0080_0080.jpg 1 44 32 80 80
0929_0146_0204_0024_0024.jpg 1 146 204 24 24
0930_0210_0201_0043_0043.jpg 1 210 201 43 43
0931_0404_0128_0060_0060.jpg 1 404 128 60 60
0932_0190_0081_0027_0027.jpg 1 190 81 27 27
0933_0039_0069_0045_0045.jpg 1 39 69 45 45
0934_0080_0042_0085_0085.jpg 1 80 42 85 85
0935_0177_0187_0028_0028.jpg 1 177 187 28 28
0936_0353_0098_0039_0039.jpg 1 353 98 39 39
0937_0504_0241_0056_0056.jpg 1 504 241 56 56
0938_0408_0208_0072_0072.jpg 1 408 208 72 72
0939_0072_0072_0027_0027.jpg 1 72 72 27 27
0940_0118_0063_0073_0073.jpg 1 118 63 73 73
0941_0259_0164_0031_0031.jpg 1 259 164 31 31
0942_0116_0150_0069_0069.jpg 1 116 150 69 69
0943_0079_0034_0042_0042.jpg 1 79 34 42 42
0944_0257_0068_0039_0039.jpg 1 257 68 39 39
0945_0125_0258_0067_0067.jpg 1 125 258 67 67
0946_0108_0232_0025_0025.jpg 1 108 232 25 25
0947_0173_0508_0037_0037.jpg 1 173 508 37 37
0948_0127_0117_0037_0037.jpg 1 127 117 37 37
0949_0438_0114_0067_0067.jpg 1 438 114 67 67
0950_0232_0316_0031_0031.jpg 1 232 316 31 31
0951_0387_0063_0031_0031.jpg 1 387 63 31 31
0952_0479_0089_0033_0033.jpg 1 479 89 33 33
0953_0280_0200_0084_0084.jpg 1 280 200 84 84
0954_0413_0096_0040_0040.jpg 1 413 96 40 40
0955_0268_0156_0049_0049.jpg 1 268 156 49 49
0956_0525_0333_0033_0033.jpg 1 525 333 33 33
0957_0395_0092_0035_0035.jpg 1 395 92 35 35
0958_0489_0112_0086_0086.jpg 1 489 112 86 86
0959_0478_0122_0034_0034.jpg 1 478 122 34 34
0960_0150_0281_0068_0068.jpg 1 150 281 68 68
0961_0118_0357_0075_0075.jpg 1 118 357 75 75
0962_0105_0071_0052_0052.jpg 1 105 71 52 52
0963_0353_0420_0044_0044.jpg 1 353 420 44 44
0964_0112_0038_0033_0033.jpg 1 112 38 33 33
0965_0045_0091_0031_0031.jpg 1 45 91 31 31
0966_0090_0076_0047_0047.jpg 1 90 76 47 47
0967_0040_0080_0086_0086.jpg 1 40 80 86 86
0968_0203_0037_0086_0086.jpg 1 203 37 86 86
0969_0321_0113_0056_0056.jpg 1 321 113 56 56
0970_0023_0160_0043_0043.jpg 1 23 160 43 43
0971_0056_0137_0060_0060.jpg 1 56 137 60 60
0972_0053_0086_0078_0078.jpg 1 53 86 78 78
0973_0086_0144_0077_0077.jpg 1 86 144 77 77
0974_0134_0143_0082_0082.jpg 1 134 143 82 82
0975_0078_0165_0034_0034.jpg 1 78 165 34 34
0976_0154_0041_0070_0070.jpg 1 154 41 70 70
0977_0117_0416_0024_0024.jpg 1 117 416 24 24
0978_0357_0190_0052_0052.jpg 1 357 190 52 52
0979_0455_0280_0031_0031.jpg 1 455 280 31 31
0980_0063_0143_0070_0070.jpg 1 63 143 70 70
0981_0029_0014_0058_0058.jpg 1 29 14 58 58
0982_0467_0248_0085_0085.jpg 1 467 248 85 85
0983_0134_0304_0035_0035.jpg 1 134 304 35 35
0984_0103_0138_0063_0063.jpg 1 103 138 63 63
0985_0270_0299_0077_0077.jpg 1 270 299 77 77
0986_0133_0331_0025_0025.jpg 1 133 331 25 25
0987_0079_0164_0036_0036.jpg 1 79 164 36 36
0988_0213_0065_0034_0034.jpg 1 213 65 34 34
0989_0123_0071_0037_0037.jpg 1 123 71 37 37
0990_0074_0094_0069_0069.jpg 1 74 94 69 69
0991_0119_0124_0024_0024.jpg 1 119 124 24 24
0992_0097_0136_0031_0031.jpg 1 97 136 31 31
0993_0202_0125_0053_0053.jpg 1 202 125 53 53
0994_0148_0227_0030_0030.jpg 1 148 227 30 30
0995_0421_0066_0041_0041.jpg 1 421 66 41 41
0996_0390_0254_0034_0034.jpg 1 390 254 34 34
0997_0126_0081_0065_0065.jpg 1 126 81 65 65
0998_0107_0126_0034_0034.jpg 1 107 126 34 34
0999_0104_0040_0033_0033.jpg 1 104 40 33 33
1000_0488_0103_0046_0046.jpg 1 488 103 46 46
1001_0088_0161_0058_0058.jpg 1 88 161 58 58
1002_0168_0149_0040_0040.jpg 1 168 149 40 40
1003_0151_0352_0079_0079.jpg 1 151 352 79 79
1004_0328_0242_0071_0071.jpg 1 328 242 71 71
1005_0462_0382_0033_0033.jpg 1 462 382 33 33
1006_0144_0378_0029_0029.jpg 1 144 378 29 29
1007_0264_0339_0049_0049.jpg 1 264 339 49 49
1008_0190_0104_0026_0026.jpg 1 190 104 26 26
1009_0167_0277_0075_0075.jpg 1 167 277 75 75
1010_0402_0292_0087_0087.jpg 1 402 292 87 87
1011_0032_0022_0054_0054.jpg 1 32 22 54 54
1012_0140_0270_0084_0084.jpg 1 140 270 84 84
1013_0226_0296_0034_0034.jpg 1 226 296 34 34
1014_0066_0057_0076_0076.jpg 1 66 57 76 76
1015_0253_0052_0034_0034.jpg 1 253 52 34 34
1016_0052_0068_0080_0080.jpg 1 52 68 80 80
1017_0414_0055_0075_0075.jpg 1 414 55 75 75
1018_0117_0070_0050_0050.jpg 1 117 70 50 50
1019_0353_0272_0078_0078.jpg 1 353 272 78 78
1020_0185_0089_0043_0043.jpg 1 185 89 43 43
1021_0480_0114_0057_0057.jpg 1 480 114 57 57
1022_0055_0046_0064_0064.jpg 1 55 46 64 64
1023_0067_0063_0054_0054.jpg 1 67 63 54 54
1024_0099_0132_0082_0082.jpg 1 99 132 82 82
1025_0481_0327_0068_0068.jpg 1 481 327 68 68
1026_0212_0033_0073_0073.jpg 1 212 33 73 73
1027_0115_0120_0038_0038.jpg 1 115 120 38 38
1028_0211_0103_0086_0086.jpg 1 211 103 86 86
1029_0231_0099_0057_0057.jpg 1 231 99 57 57
1030_0353_0331_0025_0025.jpg 1 353 331 25 25
1031_0400_0297_0057_0057.jpg 1 400 297 57 57
1032_0244_0294_0067_0067.jpg 1 244 294 67 67
1033_0097_0028_0040_0040.jpg 1 97 28 40 40
1034_0248_0171_0034_0034.jpg 1 248 171 34 34
1035_0141_0449_0069_0069.jpg 1 141 449 69 69
1036_0296_0306_0058_0058.jpg 1 296 306 58 58
1037_0061_0124_0063_0063.jpg 1 61 124 63 63
1038_0504_0304_0045_0045.jpg 1 504 304 45 45
1039_0324_0225_0058_0058.jpg 1 324 225 58 58
1040_0023_0128_0086_0086.jpg 1 23 128 86 86
1041_0108_0144_0075_0075.jpg 1 108 144 75 75
1042_0495_0144_0035_0035.jpg 1 495 144 35 35
1043_0026_0071_0077_0077.jpg 1 26 71 77 77
1044_0277_0277_0037_0037.jpg 1 277 277 37 37
1045_0136_0457_0056_0056.jpg 1 136 457 56 56
1046_0183_0055_0031_0031.jpg 1 183 55 31 31
1047_0351_0269_0047_0047.jpg 1 351 269 47 47
1048_0463_0146_0067_0067.jpg 1 463 146 67 67
1049_0388_0225_0045_0045.jpg 1 388 225 45 45
1050_0301_0114_0045_0045.jpg 1 301 114 45 45
1051_0472_0269_0055_0055.jpg 1 472 269 55 55
1052_0055_0224_0069_0069.jpg 1 55 224 69 69
1053_0094_0097_0057_0057.jpg 1 94 97 57 57
1054_0167_0330_0084_0084.jpg 1 167 330 84 84
1055_0506_0161_0059_0059.jpg 1 506 161 59 59
1056_0325_0365_0066_0066.jpg 1 325 365 66 66
1057_0058_0170_0039_0039.jpg 1 58 170 39 39
1058_0066_0124_0051_0051.jpg 1 66 124 51 51
1059_0071_0061_0042_0042.jpg 1 71 61 42 42
1060_0155_0304_0068_0068.jpg 1 155 304 68 68
1061_0057_0334_0052_0052.jpg 1 57 334 52 52
1062_0109_0100_0043_0043.jpg 1 109 100 43 43
1063_0369_0338_0062_0062.jpg 1 369 338 62 62
1064_0213_0110_0058_0058.jpg 1 213 110 58 58
1065_0159_0013_0058_0058.jpg 1 159 13 58 58
1066_0488_0112_0048_0048.jpg 1 488 112 48 48
1067_0181_0141_0069_0069.jpg 1 181 141 69 69
1068_0104_0124_0037_0037.jpg 1 104 124 37 37
1069_0209_0097_0070_0070.jpg 1 209 97 70 70
1070_0311_0186_0051_0051.jpg 1 311 186 51 51
1071_0141_0024_0049_0049.jpg 1 141 24 49 49
1072_0066_0100_0070_0070.jpg 1 66 100 70 70
1073_0404_0087_0051_0051.jpg 1 404 87 51 51
1074_0159_0095_0030_0030.jpg 1 159 95 30 30
1075_0080_0060_0086_0086.jpg 1 80 60 86 86
1076_0031_0067_0082_0082.jpg 1 31 67 82 82
1077_0066_0132_0026_0026.jpg 1 66 132 26 26
1078_0112_0106_0060_0060.jpg 1 112 106 60 60
1079_0066_0050_0076_0076.jpg 1 66 50 76 76
1080_0075_0049_0043_0043.jpg 1 75 49 43 43
1081_0436_0313_0074_0074.jpg 1 436 313 74 74
1082_0090_0043_0065_0065.jpg 1 90 43 65 65
1083_0133_0336_0059_0059.jpg 1 133 336 59 59
1084_0536_0064_0035_0035.jpg 1 536 64 35 35
1085_0315_0134_0072_0072.jpg 1 315 134 72 72
1086_0284_0046_0051_0051.jpg 1 284 46 51 51
1087_0228_0046_0048_0048.jpg 1 228 46 48 48
1088_0020_0109_0083_0083.jpg 1 20 109 83 83
1089_0102_0108_0073_0073.jpg 1 102 108 73 73
1090_0277_0256_0061_0061.jpg 1 277 256 61 61
1091_0145_0369_0035_0035.jpg 1 145 369 35 35
1092_0270_0204_0073_0073.jpg 1 270 204 73 73
1093_0323_0094_0075_0075.jpg 1 323 94 75 75
1094_0079_0131_0088_0088.jpg 1 79 131 88 88
1095_0027_0106_0081_0081.jpg 1 27 106 81 81
1096_0038_0113_0027_0027.jpg 1 38 113 27 27
1097_0039_0050_0054_0054.jpg 1 39 50 54 54
1098_0233_0300_0043_0043.jpg 1 233 300 43 43
1099_0528_0270_0044_0044.jpg 1 528 270 44 44
1100_0505_0203_0064_0064.jpg 1 505 203 64 64
1101_0117_0169_0036_0036.jpg 1 117 169 36 36
1102_0363_0274_0043_0043.jpg 1 363 274 43 43
1103_0449_0130_0084_0084.jpg 1 449 130 84 84
1104_0138_0477_0037_0037.jpg 1 138 477 37 37
1105_0116_0117_0025_0025.jpg 1 116 117 25 25
1106_0221_0082_0024_0024.jpg 1 221 82 24 24
1107_0043_0107_0080_0080.jpg 1 43 107 80 80
1108_0080_0161_0050_0050.jpg 1 80 161 50 50
1109_0116_0127_0075_0075.jpg 1 116 127 75 75
1110_0140_0446_0066_0066.jpg 1 140 446 66 66
1111_0180_0144_0052_0052.jpg 1 180 144 52 52
1112_0092_0063_0080_0080.jpg 1 92 63 80 80
1113_0009_0137_0051_0051.jpg 1 9 137 51 51
1114_0247_0111_0031_0031.jpg 1 247 111 31 31
1115_0171_0086_0065_0065.jpg 1 171 86 65 65
1116_0110_0140_0037_0037.jpg 1 110 140 37 37
1117_0134_0156_0029_0029.jpg 1 134 156 29 29
1118_0487_0176_0051_0051.jpg 1 487 176 51 51
1119_0065_0100_0082_0082.jpg 1 65 100 82 82
1120_0140_0042_0069_0069.jpg 1 140 42 69 69
1121_0401_0258_0065_0065.jpg 1 401 258 65 65
1122_0158_0064_0042_0042.jpg 1 158 64 42 42
1123_0029_0117_0043_0043.jpg 1 29 117 43 43
1124_0081_0170_0086_0086.jpg 1 81 170 86 86
1125_0083_0134_0028_0028.jpg 1 83 134 28 28
1126_0182_0094_0067_0067.jpg 1 182 94 67 67
1127_0181_0126_0027_0027.jpg 1 181 126 27 27
1128_0058_0116_0067_0067.jpg 1 58 116 67 67
1129_0073_0090_0024_0024.jpg 1 73 90 24 24
1130_0067_0030_0025_0025.jpg 1 67 30 25 25
1131_0040_0023_0035_0035.jpg 1 40 23 35 35
1132_0268_0285_0032_0032.jpg 1 268 285 32 32
1133_0354_0208_0061_0061.jpg 1 354 208 61 61
1134_0249_0104_0075_0075.jpg 1 249 104 75 75
1135_0029_0047_0073_0073.jpg 1 29 47 73 73
1136_0065_0053_0074_0074.jpg 1 65 53 74 74
1137_0054_0060_0030_0030.jpg 1 54 60 30 30
1138_0228_0275_0082_0082.jpg 1 228 275 82 82
1139_0285_0305_0049_0049.jpg 1 285 305 49 49
1140_0068_0067_0084_0084.jpg 1 68 67 84 84
1141_0195_0109_0074_0074.jpg 1 195 109 74 74
1142_0048_0135_0045_0045.jpg 1 48 135 45 45
1143_0203_0100_0057_0057.jpg 1 203 100 57 57
1144_0173_0019_0030_0030.jpg 1 173 19 30 30
1145_0140_0110_0065_0065.jpg 1 140 110 65 65
1146_0093_0112_0084_0084.jpg 1 93 112 84 84
1147_0355_0378_0039_0039.jpg 1 355 378 39 39
1148_0090_0125_0055_0055.jpg 1 90 125 55 55
1149_0135_0089_0031_0031.jpg 1 135 89 31 31
1150_0325_0410_0057_0057.jpg 1 325 410 57 57
1151_0344_0155_0030_0030.jpg 1 344 155 30 30
1152_0138_0345_0028_0028.jpg 1 138 345 28 28
1153_0269_0075_0030_0030.jpg 1 269 75 30 30
1154_0066_0027_0065_0065.jpg 1 66 27 65 65
1155_0508_0299_0051_0051.jpg 1 508 299 51 51
1156_0320_0053_0087_0087.jpg 1 320 53 87 87
1157_0037_0040_0027_0027.jpg 1 37 40 27 27
1158_0216_0293_0036_0036.jpg 1 216 293 36 36
1159_0253_0285_0050_0050.jpg 1 253 285 50 50
1160_0031_0050_0073_0073.jpg 1 31 50 73 73
1161_0102_0101_0060_0060.jpg 1 102 101 60 60
1162_0236_0441_0037_0037.jpg 1 236 441 37 37
1163_0104_0108_0051_0051.jpg 1 104 108 51 51
1164_0518_0128_0050_0050.jpg 1 518 128 50 50
1165_0239_0354_0065_0065.jpg 1 239 354 65 65
1166_0214_0199_0074_0074.jpg 1 214 199 74 74
1167_0040_0058_0061_0061.jpg 1 40 58 61 61
1168_0030_0099_0028_0028.jpg 1 30 99 28 28
1169_0067_0118_0044_0044.jpg 1 67 118 44 44
1170_0128_0086_0081_0081.jpg 1 128 86 81 81
1171_0023_0139_0030_0030.jpg 1 23 139 30 30
1172_0351_0249_0050_0050.jpg 1 351 249 50 50
1173_0194_0097_0039_0039.jpg 1 194 97 39 39
1174_0107_0125_0072_0072.jpg 1 107 125 72 72
1175_0334_0204_0084_0084.jpg 1 334 204 84 84
1176_0081_0161_0057_0057.jpg 1 81 161 57 57
1177_0414_0173_0050_0050.jpg 1 414 173 50 50
1178_0353_0140_0036_0036.jpg 1 353 140 36 36
1179_0076_0360_0028_0028.jpg 1 76 360 28 28
1180_0379_0112_0081_0081.jpg 1 379 112 81 81
1181_0529_0152_0049_0049.jpg 1 529 152 49 49
1182_0054_0047_0081_0081.jpg 1 54 47 81 81
1183_0264_0305_0075_0075.jpg 1 264 305 75 75
1184_0224_0222_0066_0066.jpg 1 224 222 66 66
1185_0223_0250_0080_0080.jpg 1 223 250 80 80
1186_0233_0121_0034_0034.jpg 1 233 121 34 34
1187_0105_0025_0026_0026.jpg 1 105 25 26 26
1188_0075_0076_0073_0073.jpg 1 75 76 73 73
1189_0108_0094_0050_0050.jpg 1 108 94 50 50
1190_0402_0109_0077_0077.jpg 1 402 109 77 77
1191_0391_0181_0072_0072.jpg 1 391 181 72 72
1192_0145_0170_0037_0037.jpg 1 145 170 37 37
1193_0150_0041_0072_0072.jpg 1 150 41 72 72
1194_0087_0096_0038_0038.jpg 1 87 96 38 38
1195_0161_0101_0029_0029.jpg 1 161 101 29 29
1196_0500_0347_0074_0074.jpg 1 500 347 74 74
1197_0233_0056_0071_0071.jpg 1 233 56 71 71
1198_0114_0117_0058_0058.jpg 1 114 117 58 58
1199_0128_0424_0087_0087.jpg 1 128 424 87 87
1200_0024_0051_0086_0086.jpg 1 24 51 86 86
1201_0094_0171_0060_0060.jpg 1 94 171 60 60
1202_0266_0230_0076_0076.jpg 1 266 230 76 76
1203_0138_0097_0044_0044.jpg 1 138 97 44 44
1204_0251_0220_0056_0056.jpg 1 251 220 56 56
1205_0105_0089_0085_0085.jpg 1 105 89 85 85
1206_0137_0130_0086_0086.jpg 1 137 130 86 86
1207_0279_0303_0079_0079.jpg 1 279 303 79 79
1208_0104_0160_0059_0059.jpg 1 104 160 59 59
1209_0195_0128_0082_0082.jpg 1 195 128 82 82
1210_0044_0158_0063_0063.jpg 1 44 158 63 63
1211_0067_0052_0073_0073.jpg 1 67 52 73 73
1212_0290_0173_0084_0084.jpg 1 290 173 84 84
1213_0070_0111_0026_0026.jpg 1 70 111 26 26
1214_0069_0102_0068_0068.jpg 1 69 102 68 68
1215_0082_0143_0039_0039.jpg 1 82 143 39 39
1216_0164_0164_0029_0029.jpg 1 164 164 29 29
1217_0068_0072_0032_0032.jpg 1 68 72 32 32
1218_0211_0042_0046_0046.jpg 1 211 42 46 46
1219_0193_0084_0077_0077.jpg 1 193 84 77 77
1220_0150_0070_0074_0074.jpg 1 150 70 74 74
1221_0058_0089_0083_0083.jpg 1 58 89 83 83
1222_0113_0120_0048_0048.jpg 1 113 120 48 48
1223_0470_0324_0062_0062.jpg 1 470 324 62 62
1224_0089_0213_0032_0032.jpg 1 89 213 32 32
1225_0036_0126_0060_0060.jpg 1 36 126 60 60
1226_0040_0063_0064_0064.jpg 1 40 63 64 64
1227_0139_0137_0032_0032.jpg 1 139 137 32 32
1228_0220_0219_0084_0084.jpg 1 220 219 84 84
1229_0245_0182_0038_0038.jpg 1 245 182 38 38
1230_0223_0269_0024_0024.jpg 1 223 269 24 24
1231_0208_0427_0038_0038.jpg 1 208 427 38 38
1232_0053_0071_0033_0033.jpg 1 53 71 33 33
1233_0138_0020_0080_0080.jpg 1 138 20 80 80
1234_0087_0020_0087_0087.jpg 1 87 20 87 87
1235_0307_0348_0025_0025.jpg 1 307 348 25 25
1236_0105_0137_0083_0083.jpg 1 105 137 83 83
1237_0343_0109_0074_0074.jpg 1 343 109 74 74
1238_0089_0061_0059_0059.jpg 1 89 61 59 59
1239_0433_0108_0038_0038.jpg 1 433 108 38 38
1240_0282_0290_0087_0087.jpg 1 282 290 87 87
1241_0089_0121_0061_0061.jpg 1 89 121 61 61
1242_0005_0042_0078_0078.jpg 1 5 42 78 78
1243_0124_0020_0034_0034.jpg 1 124 20 34 34
1244_0219_0051_0045_0045.jpg 1 219 51 45 45
1245_0459_0276_0081_0081.jpg 1 459 276 81 81
1246_0023_0028_0045_0045.jpg 1 23 28 45 45
1247_0072_0211_0072_0072.jpg 1 72 211 72 72
1248_0461_0309_0053_0053.jpg 1 461 309 53 53
1249_0129_0040_0080_0080.jpg 1 129 40 80 80
1250_0208_0113_0065_0065.jpg 1 208 113 65 65
1251_0173_0229_0061_0061.jpg 1 173 229 61 61
1252_0092_0096_0071_0071.jpg 1 92 96 71 71
1253_0191_0091_0050_0050.jpg 1 191 91 50 50
1254_0381_0356_0031_0031.jpg 1 381 356 31 31
1255_0335_0271_0032_0032.jpg 1 335 271 32 32
1256_0364_0110_0058_0058.jpg 1 364 110 58 58
1257_0117_0115_0028_0028.jpg 1 117 115 28 28
1258_0323_0315_0040_0040.jpg 1 323 315 40 40
1259_0039_0063_0028_0028.jpg 1 39 63 28 28
1260_0431_0142_0057_0057.jpg 1 431 142 57 57
1261_0070_0074_0077_0077.jpg 1 70 74 77 77
1262_0274_0329_0034_0034.jpg 1 274 329 34 34
1263_0125_0068_0047_0047.jpg 1 125 68 47 47
1264_0058_0074_0087_0087.jpg 1 58 74 87 87
1265_0175_0076_0073_0073.jpg 1 175 76 73 73
1266_0111_0059_0061_0061.jpg 1 111 59 61 61
1267_0148_0211_0076_0076.jpg 1 148 211 76 76
1268_0102_0062_0066_0066.jpg 1 102 62 66 66
1269_0393_0172_0057_0057.jpg 1 393 172 57 57
1270_0325_0090_0053_0053.jpg 1 325 90 53 53
1271_0420_0276_0036_0036.jpg 1 420 276 36 36
1272_0368_0242_0028_0028.jpg 1 368 242 28 28
1273_0453_0034_0084_0084.jpg 1 453 34 84 84
1274_0409_0296_0037_0037.jpg 1 409 296 37 37
1275_0126_0029_0054_0054.jpg 1 126 29 54 54
1276_0084_0262_0040_0040.jpg 1 84 262 40 40
1277_0137_0079_0084_0084.jpg 1 137 79 84 84
1278_0117_0022_0082_0082.jpg 1 117 22 82 82
1279_0035_0032_0058_0058.jpg 1 35 32 58 58
1280_0292_0045_0075_0075.jpg 1 292 45 75 75
1281_0493_0339_0027_0027.jpg 1 493 339 27 27
1282_0198_0079_0052_0052.jpg 1 198 79 52 52
1283_0089_0104_0047_0047.jpg 1 89 104 47 47
1284_0471_0227_0085_0085.jpg 1 471 227 85 85
1285_0337_0222_0077_0077.jpg 1 337 222 77 77
1286_0117_0083_0061_0061.jpg 1 117 83 61 61
1287_0357_0392_0050_0050.jpg 1 357 392 50 50
1288_0074_0139_0073_0073.jpg 1 74 139 73 73
1289_0221_0159_0045_0045.jpg 1 221 159 45 45
1290_0127_0107_0078_0078.jpg 1 127 107 78 78
1291_0255_0302_0035_0035.jpg 1 255 302 35 35
1292_0324_0296_0049_0049.jpg 1 324 296 49 49
1293_0142_0031_0024_0024.jpg 1 142 31 24 24
1294_0177_0062_0039_0039.jpg 1 177 62 39 39
1295_0189_0164_0051_0051.jpg 1 189 164 51 51
1296_0370_0061_0046_0046.jpg 1 370 61 46 46
1297_0064_0062_0056_0056.jpg 1 64 62 56 56
1298_0084_0065_0088_0088.jpg 1 84 65 88 88
1299_0154_0145_0042_0042.jpg 1 154 145 42 42
1300_0110_0251_0060_0060.jpg 1 110 251 60 60
1301_0087_0126_0078_0078.jpg 1 87 126 78 78
1302_0034_0061_0046_0046.jpg 1 34 61 46 46
1303_0135_0021_0046_0046.jpg 1 135 21 46 46
1304_0108_0111_0062_0062.jpg 1 108 111 62 62
1305_0091_0057_0071_0071.jpg 1 91 57 71 71
1306_0125_0134_0044_0044.jpg 1 125 134 44 44
1307_0219_0322_0080_0080.jpg 1 219 322 80 80
1308_0101_0089_0075_0075.jpg 1 101 89 75 75
1309_0520_0382_0034_0034.jpg 1 520 382 34 34
1310_0083_0033_0084_0084.jpg 1 83 33 84 84
1311_0047_0114_0068_0068.jpg 1 47 114 68 68
1312_0078_0026_0084_0084.jpg 1 78 26 84 84
1313_0283_0200_0055_0055.jpg 1 283 200 55 55
1314_0058_0136_0033_0033.jpg 1 58 136 33 33
1315_0435_0136_0070_0070.jpg 1 435 136 70 70
1316_0199_0172_0037_0037.jpg 1 199 172 37 37
1317_0062_0251_0080_0080.jpg 1 62 251 80 80
1318_0336_0048_0075_0075.jpg 1 336 48 75 75
1319_0024_0097_0077_0077.jpg 1 24 97 77 77
1320_0018_0170_0048_0048.jpg 1 18 170 48 48
1321_0218_0097_0062_0062.jpg 1 218 97 62 62
1322_0392_0138_0073_0073.jpg 1 392 138 73 73
1323_0307_0373_0057_0057.jpg 1 307 373 57 57
1324_0043_0034_0030_0030.jpg 1 43 34 30 30
1325_0173_0102_0025_0025.jpg 1 173 102 25 25
1326_0434_0140_0028_0028.jpg 1 434 140 28 28
1327_0028_0058_0075_0075.jpg 1 28 58 75 75
1328_0224_0103_0061_0061.jpg 1 224 103 61 61
1329_0029_0032_0049_0049.jpg 1 29 32 49 49
1330_0176_0318_0034_0034.jpg 1 176 318 34 34
1331_0146_0307_0056_0056.jpg 1 146 307 56 56
1332_0143_0102_0053_0053.jpg 1 143 102 53 53
1333_0115_0123_0076_0076.jpg 1 115 123 76 76
1334_0222_0035_0071_0071.jpg 1 222 35 71 71
1335_0194_0160_0068_0068.jpg 1 194 160 68 68
1336_0504_0163_0041_0041.jpg 1 504 163 41 41
1337_0319_0077_0086_0086.jpg 1 319 77 86 86
1338_0138_0078_0044_0044.jpg 1 138 78 44 44
1339_0325_0214_0064_0064.jpg 1 325 214 64 64
1340_0052_0143_0077_0077.jpg 1 52 143 77 77
1341_0190_0111_0082_0082.jpg 1 190 111 82 82
1342_0208_0076_0058_0058.jpg 1 208 76 58 58
1343_0499_0121_0071_0071.jpg 1 499 121 71 71
1344_0166_0051_0065_0065.jpg 1 166 51 65 65
1345_0288_0529_0048_0048.jpg 1 288 529 48 48
1346_0130_0340_0033_0033.jpg 1 130 340 33 33
1347_0443_0266_0051_0051.jpg 1 443 266 51 51
1348_0168_0230_0030_0030.jpg 1 168 230 30 30
1349_0397_0330_0056_0056.jpg 1 397 330 56 56
1350_0132_0188_0067_0067.jpg 1 132 188 67 67
1351_0157_0017_0077_0077.jpg 1 157 17 77 77
1352_0120_0020_0029_0029.jpg 1 120 20 29 29
1353_0295_0054_0053_0053.jpg 1 295 54 53 53
1354_0469_0107_0053_0053.jpg 1 469 107 53 53
1355_0109_0087_0028_0028.jpg 1 109 87 28 28
1356_0345_0122_0035_0035.jpg 1 345 122 35 35
1357_0338_0197_0066_0066.jpg 1 338 197 66 66
1358_0457_0153_0076_0076.jpg 1 457 153 76 76
1359_0056_0031_0060_0060.jpg 1 56 31 60 60
1360_0087_0388_0034_0034.jpg 1 87 388 34 34
1361_0384_0269_0027_0027.jpg 1 384 269 27 27
1362_0033_0066_0069_0069.jpg 1 33 66 69 69
1363_0242_0375_0051_0051.jpg 1 242 375 51 51
1364_0374_0415_0036_0036.jpg 1 374 415 36 36
1365_0100_0344_0052_0052.jpg 1 100 344 52 52
1366_0326_0247_0042_0042.jpg 1 326 247 42 42
1367_0273_0393_0041_0041.jpg 1 273 393 41 41
1368_0131_0115_0025_0025.jpg 1 131 115 25 25
1369_0078_0142_0034_0034.jpg 1 78 142 34 34
1370_0060_0118_0037_0037.jpg 1 60 118 37 37
1371_0055_0122_0061_0061.jpg 1 55 122 61 61
1372_0102_0102_0026_0026.jpg 1 102 102 26 26
1373_0127_0174_0038_0038.jpg 1 127 174 38 38
1374_0131_0341_0037_0037.jpg 1 131 341 37 37
1375_0071_0144_0062_0062.jpg 1 71 144 62 62
1376_0367_0329_0039_0039.jpg 1 367 329 39 39
1377_0404_0154_0029_0029.jpg 1 404 154 29 29
1378_0109_0039_0041_0041.jpg 1 109 39 41 41
1379_0225_0120_0071_0071.jpg 1 225 120 71 71
1380_0353_0041_0078_0078.jpg 1 353 41 78 78
1381_0189_0118_0038_0038.jpg 1 189 118 38 38
1382_0022_0110_0047_0047.jpg 1 22 110 47 47
1383_0415_0268_0044_0044.jpg 1 415 268 44 44
1384_0363_0365_0063_0063.jpg 1 363 365 63 63
1385_0503_0339_0079_0079.jpg 1 503 339 79 79
1386_0185_0083_0075_0075.jpg 1 185 83 75 75
1387_0330_0263_0024_0024.jpg 1 330 263 24 24
1388_0139_0129_0061_0061.jpg 1 139 129 61 61
1389_0071_0024_0040_0040.jpg 1 71 24 40 40
1390_0102_0124_0048_0048.jpg 1 102 124 48 48
1391_0077_0262_0055_0055.jpg 1 77 262 55 55
1392_0332_0338_0039_0039.jpg 1 332 338 39 39
1393_0251_0288_0029_0029.jpg 1 251 288 29 29
1394_0137_0067_0055_0055.jpg 1 137 67 55 55
1395_0113_0162_0056_0056.jpg 1 113 162 56 56
1396_0252_0047_0034_0034.jpg 1 252 47 34 34
1397_0177_0232_0056_0056.jpg 1 177 232 56 56
1398_0472_0162_0031_0031.jpg 1 472 162 31 31
1399_0148_0068_0072_0072.jpg 1 148 68 72 72
1400_0042_0049_0038_0038.jpg 1 42 49 38 38
1401_0059_0022_0046_0046.jpg 1 59 22 46 46
1402_0211_0058_0084_0084.jpg 1 211 58 84 84
1403_0186_0048_0069_0069.jpg 1 186 48 69 69
1404_0183_0121_0071_0071.jpg 1 183 121 71 71
1405_0098_0199_0077_0077.jpg 1 98 199 77 77
1406_0227_0218_0087_0087.jpg 1 227 218 87 87
1407_0075_0126_0078_0078.jpg 1 75 126 78 78
1408_0250_0121_0039_0039.jpg 1 250 121 39 39
1409_0063_0058_0071_0071.jpg 1 63 58 71 71
1410_0059_0163_0057_0057.jpg 1 59 163 57 57
1411_0163_0276_0035_0035.jpg 1 163 276 35 35
1412_0040_0105_0083_0083.jpg 1 40 105 83 83
1413_0110_0132_0057_0057.jpg 1 110 132 57 57
1414_0085_0066_0052_0052.jpg 1 85 66 52 52
1415_0329_0310_0035_0035.jpg 1 329 310 35 35
1416_0076_0134_0033_0033.jpg 1 76 134 33 33
1417_0240_0299_0064_0064.jpg 1 240 299 64 64
1418_0134_0023_0051_0051.jpg 1 134 23 51 51
1419_0386_0268_0024_0024.jpg 1 386 268 24 24
1420_0439_0040_0083_0083.jpg 1 439 40 83 83
1421_0483_0127_0027_0027.jpg 1 483 127 27 27
1422_0096_0486_0058_0058.jpg 1 96 486 58 58
1423_0117_0274_0063_0063.jpg 1 117 274 63 63
1424_0198_0174_0034_0034.jpg 1 198 174 34 34
1425_0131_0064_0076_0076.jpg 1 131 64 76 76
1426_0356_0138_0063_0063.jpg 1 356 138 63 63
1427_0090_0282_0068_0068.jpg 1 90 282 68 68
1428_0092_0101_0072_0072.jpg 1 92 101 72 72
1429_0142_0051_0038_0038.jpg 1 142 51 38 38
1430_0086_0113_0038_0038.jpg 1 86 113 38 38
1431_0409_0158_0082_0082.jpg 1 409 158 82 82
1432_0372_0131_0087_0087.jpg 1 372 131 87 87
1433_0376_0142_0072_0072.jpg 1 376 142 72 72
1434_0103_0056_0086_0086.jpg 1 103 56 86 86
1435_0066_0074_0056_0056.jpg 1 66 74 56 56
1436_0188_0380_0064_0064.jpg 1 188 380 64 64
1437_0062_0132_0080_0080.jpg 1 62 132 80 80
1438_0037_0126_0074_0074.jpg 1 37 126 74 74
1439_0067_0079_0077_0077.jpg 1 67 79 77 77
1440_0171_0361_0049_0049.jpg 1 171 361 49 49
1441_0147_0107_0079_0079.jpg 1 147 107 79 79
1442_0220_0116_0041_0041.jpg 1 220 116 41 41
1443_0191_0417_0048_0048.jpg 1 191 417 48 48
1444_0142_0136_0073_0073.jpg 1 142 136 73 73
1445_0125_0240_0085_0085.jpg 1 125 240 85 85
1446_0144_0122_0080_0080.jpg 1 144 122 80 80
1447_0061_0158_0043_0043.jpg 1 61 158 43 43
1448_0085_0091_0049_0049.jpg 1 85 91 49 49
1449_0085_0378_0035_0035.jpg 1 85 378 35 35
1450_0073_0112_0054_0054.jpg 1 73 112 54 54
1451_0202_0108_0056_0056.jpg 1 202 108 56 56
1452_0087_0142_0058_0058.jpg 1 87 142 58 58
1453_0056_0101_0046_0046.jpg 1 56 101 46 46
1454_0431_0172_0034_0034.jpg 1 431 172 34 34
1455_0191_0060_0032_0032.jpg 1 191 60 32 32
1456_0382_0185_0062_0062.jpg 1 382 185 62 62
1457_0463_0080_0042_0042.jpg 1 463 80 42 42
1458_0146_0122_0067_0067.jpg 1 146 122 67 67
1459_0209_0142_0056_0056.jpg 1 209 142 56 56
1460_0229_0319_0032_0032.jpg 1 229 319 32 32
1461_0233_0299_0069_0069.jpg 1 233 299 69 69
1462_0461_0244_0024_0024.jpg 1 461 244 24 24
1463_0043_0074_0046_0046.jpg 1 43 74 46 46
1464_0314_0125_0082_0082.jpg 1 314 125 82 82
1465_0109_0279_0043_0043.jpg 1 109 279 43 43
1466_0126_0474_0044_0044.jpg 1 126 474 44 44
1467_0062_0098_0055_0055.jpg 1 62 98 55 55
1468_0264_0302_0058_0058.jpg 1 264 302 58 58
1469_0085_0085_0047_0047.jpg 1 85 85 47 47
1470_0131_0050_0050_0050.jpg 1 131 50 50 50
1471_0504_0075_0074_0074.jpg 1 504 75 74 74
1472_0279_0134_0060_0060.jpg 1 279 134 60 60
1473_0187_0200_0080_0080.jpg 1 187 200 80 80
1474_0102_0039_0084_0084.jpg 1 102 39 84 84
1475_0344_0112_0052_0052.jpg 1 344 112 52 52
1476_0107_0032_0081_0081.jpg 1 107 32 81 81
1477_0476_0148_0052_0052.jpg 1 476 148 52 52
1478_0083_0034_0087_0087.jpg 1 83 34 87 87
1479_0028_0147_0054_0054.jpg 1 28 147 54 54
1480_0357_0304_0052_0052.jpg 1 357 304 52 52
1481_0081_0201_0050_0050.jpg 1 81 201 50 50
1482_0107_0113_0063_0063.jpg 1 107 113 63 63
1483_0183_0087_0026_0026.jpg 1 183 87 26 26
1484_0408_0257_0028_0028.jpg 1 408 257 28 28
1485_0081_0403_0067_0067.jpg 1 81 403 67 67
1486_0198_0128_0044_0044.jpg 1 198 128 44 44
1487_0054_0047_0074_0074.jpg 1 54 47 74 74
1488_0105_0044_0038_0038.jpg 1 105 44 38 38
1489_0119_0230_0079_0079.jpg 1 119 230 79 79
1490_0233_0378_0038_0038.jpg 1 233 378 38 38
1491_0331_0101_0052_0052.jpg 1 331 101 52 52
1492_0051_0072_0070_0070.jpg 1 51 72 70 70
1493_0442_0359_0047_0047.jpg 1 442 359 47 47
1494_0193_0123_0042_0042.jpg 1 193 123 42 42
1495_0167_0079_0072_0072.jpg 1 167 79 72 72
1496_0223_0168_0046_0046.jpg 1 223 168 46 46
1497_0221_0060_0051_0051.jpg 1 221 60 51 51
1498_0056_0167_0033_0033.jpg 1 56 167 33 33
1499_0156_0096_0059_0059.jpg 1 156 96 59 59
1500_0192_0058_0044_0044.jpg 1 192 58 44 44
1501_0450_0221_0087_0087.jpg 1 450 221 87 87
1502_0178_0090_0049_0049.jpg 1 178 90 49 49
1503_0119_0110_0073_0073.jpg 1 119 110 73 73
1504_0241_0214_0053_0053.jpg 1 241 214 53 53
1505_0029_0118_0061_0061.jpg 1 29 118 61 61
1506_0491_0316_0047_0047.jpg 1 491 316 47 47
1507_0039_0051_0076_0076.jpg 1 39 51 76 76
1508_0076_0041_0024_0024.jpg 1 76 41 24 24
1509_0435_0198_0041_0041.jpg 1 435 198 41 41
1510_0148_0086_0035_0035.jpg 1 148 86 35 35
1511_0430_0384_0047_0047.jpg 1 430 384 47 47
1512_0139_0192_0027_0027.jpg 1 139 192 27 27
1513_0039_0045_0073_0073.jpg 1 39 45 73 73
1514_0193_0066_0073_0073.jpg 1 193 66 73 73
1515_0113_0036_0025_0025.jpg 1 113 36 25 25
1516_0030_0082_0079_0079.jpg 1 30 82 79 79
1517_0220_0131_0036_0036.jpg 1 220 131 36 36
1518_0205_0084_0045_0045.jpg 1 205 84 45 45
1519_0117_0414_0066_0066.jpg 1 117 414 66 66
1520_0077_0130_0040_0040.jpg 1 77 130 40 40
1521_0227_0118_0069_0069.jpg 1 227 118 69 69
1522_0228_0177_0082_0082.jpg 1 228 177 82 82
1523_0165_0095_0079_0079.jpg 1 165 95 79 79
1524_0196_0063_0050_0050.jpg 1 196 63 50 50
1525_0176_0124_0038_0038.jpg 1 176 124 38 38
1526_0133_0070_0060_0060.jpg 1 133 70 60 60
1527_0017_0157_0050_0050.jpg 1 17 157 50 50
1528_0241_0121_0047_0047.jpg 1 241 121 47 47
1529_0203_0364_0052_0052.jpg 1 203 364 52 52
1530_0115_0129_0042_0042.jpg 1 115 129 42 42
1531_0045_0066_0078_0078.jpg 1 45 66 78 78
1532_0214_0046_0069_0069.jpg 1 214 46 69 69
1533_0088_0062_0042_0042.jpg 1 88 62 42 42
1534_0120_0120_0069_0069.jpg 1 120 120 69 69
1535_0119_0467_0053_0053.jpg 1 119 467 53 53
1536_0215_0086_0026_0026.jpg 1 215 86 26 26
1537_0055_0114_0074_0074.jpg 1 55 114 74 74
1538_0407_0168_0065_0065.jpg 1 407 168 65 65
1539_0491_0285_0082_0082.jpg 1 491 285 82 82
1540_0170_0098_0024_0024.jpg 1 170 98 24 24
1541_0486_0100_0067_0067.jpg 1 486 100 67 67
1542_0259_0073_0026_0026.jpg 1 259 73 26 26
1543_0079_0032_0054_0054.jpg 1 79 32 54 54
1544_0030_0125_0039_0039.jpg 1 30 125 39 39
1545_0173_0193_0043_0043.jpg 1 173 193 43 43
1546_0054_0041_0026_0026.jpg 1 54 41 26 26
1547_0484_0052_0048_0048.jpg 1 484 52 48 48
1548_0118_0104_0027_0027.jpg 1 118 104 27 27
1549_0379_0180_0082_0082.jpg 1 379 180 82 82
1550_0094_0323_0060_0060.jpg 1 94 323 60 60
1551_0046_0029_0082_0082.jpg 1 46 29 82 82
1552_0338_0046_0028_0028.jpg 1 338 46 28 28
1553_0032_0044_0049_0049.jpg 1 32 44 49 49
1554_0178_0290_0060_0060.jpg 1 178 290 60 60
1555_0045_0057_0076_0076.jpg 1 45 57 76 76
1556_0306_0371_0072_0072.jpg 1 306 371 72 72
1557_0157_0332_0036_0036.jpg 1 157 332 36 36
1558_0031_0146_0030_0030.jpg 1 31 146 30 30
1559_0181_0249_0053_0053.jpg 1 181 249 53 53
1560_0178_0113_0053_0053.jpg 1 178 113 53 53
1561_0093_0110_0059_0059.jpg 1 93 110 59 59
1562_0242_0143_0085_0085.jpg 1 242 143 85 85
1563_0191_0435_0047_0047.jpg 1 191 435 47 47
1564_0189_0390_0054_0054.jpg 1 189 390 54 54
1565_0376_0308_0073_0073.jpg 1 376 308 73 73
1566_0266_0355_0029_0029.jpg 1 266 355 29 29
1567_0177_0372_0066_0066.jpg 1 177 372 66 66
1568_0389_0270_0069_0069.jpg 1 389 270 69 69
1569_0329_0323_0047_0047.jpg 1 329 323 47 47
1570_0340_0524_0044_0044.jpg 1 340 524 44 44
1571_0076_0091_0045_0045.jpg 1 76 91 45 45
1572_0010_0132_0077_0077.jpg 1 10 132 77 77
1573_0300_0136_0072_0072.jpg 1 300 136 72 72
1574_0056_0395_0065_0065.jpg 1 56 395 65 65
1575_0140_0189_0026_0026.jpg 1 140 189 26 26
1576_0066_0373_0040_0040.jpg 1 66 373 40 40
1577_0347_0216_0033_0033.jpg 1 347 216 33 33
1578_0437_0132_0060_0060.jpg 1 437 132 60 60
1579_0403_0107_0036_0036.jpg 1 403 107 36 36
1580_0099_0170_0085_0085.jpg 1 99 170 85 85
1581_0070_0143_0041_0041.jpg 1 70 143 41 41
1582_0102_0140_0031_0031.jpg 1 102 140 31 31
1583_0438_0226_0065_0065.jpg 1 438 226 65 65
1584_0485_0362_0048_0048.jpg 1 485 362 48 48
1585_0108_0186_0045_0045.jpg 1 108 186 45 45
1586_0115_0081_0074_0074.jpg 1 115 81 74 74
1587_0034_0145_0042_0042.jpg 1 34 145 42 42
1588_0114_0131_0085_0085.jpg 1 114 131 85 85
1589_0181_0073_0027_0027.jpg 1 181 73 27 27
1590_0068_0352_0083_0083.jpg 1 68 352 83 83
1591_0025_0034_0083_0083.jpg 1 25 34 83 83
1592_0410_0107_0039_0039.jpg 1 410 107 39 39
1593_0101_0057_0036_0036.jpg 1 101 57 36 36
1594_0161_0202_0054_0054.jpg 1 161 202 54 54
1595_0026_0044_0080_0080.jpg 1 26 44 80 80
1596_0010_0070_0077_0077.jpg 1 10 70 77 77
1597_0116_0190_0024_0024.jpg 1 116 190 24 24
1598_0122_0347_0063_0063.jpg 1 122 347 63 63
1599_0100_0131_0067_0067.jpg 1 100 131 67 67
1600_0186_0381_0045_0045.jpg 1 186 381 45 45
1601_0409_0207_0035_0035.jpg 1 409 207 35 35
1602_0083_0029_0058_0058.jpg 1 83 29 58 58
1603_0188_0145_0037_0037.jpg 1 188 145 37 37
1604_0043_0170_0034_0034.jpg 1 43 170 34 34
1605_0070_0027_0081_0081.jpg 1 70 27 81 81
1606_0263_0070_0056_0056.jpg 1 263 70 56 56
1607_0497_0128_0045_0045.jpg 1 497 128 45 45
1608_0091_0033_0077_0077.jpg 1 91 33 77 77
1609_0181_0230_0085_0085.jpg 1 181 230 85 85
1610_0321_0138_0056_0056.jpg 1 321 138 56 56
1611_0122_0019_0066_0066.jpg 1 122 19 66 66
1612_0480_0160_0076_0076.jpg 1 480 160 76 76
1613_0063_0398_0054_0054.jpg 1 63 398 54 54
1614_0377_0111_0054_0054.jpg 1 377 111 54 54
1615_0052_0104_0028_0028.jpg 1 52 104 28 28
1616_0160_0041_0060_0060.jpg 1 160 41 60 60
1617_0117_0346_0078_0078.jpg 1 117 346 78 78
1618_0223_0322_0043_0043.jpg 1 223 322 43 43
1619_0328_0153_0044_0044.jpg 1 328 153 44 44
1620_0375_0226_0065_0065.jpg 1 375 226 65 65
1621_0055_0017_0082_0082.jpg 1 55 17 82 82
1622_0096_0237_0055_0055.jpg 1 96 237 55 55
1623_0073_0056_0061_0061.jpg 1 73 56 61 61
1624_0171_0075_0063_0063.jpg 1 171 75 63 63
1625_0055_0092_0076_0076.jpg 1 55 92 76 76
1626_0270_0184_0056_0056.jpg 1 270 184 56 56
1627_0280_0104_0053_0053.jpg 1 280 104 53 53
1628_0452_0132_0072_0072.jpg 1 452 132 72 72
1629_0128_0291_0087_0087.jpg 1 128 291 87 87
1630_0498_0138_0052_0052.jpg 1 498 138 52 52
1631_0398_0067_0062_0062.jpg 1 398 67 62 62
1632_0086_0322_0078_0078.jpg 1 86 322 78 78
1633_0077_0120_0083_0083.jpg 1 77 120 83 83
1634_0168_0082_0061_0061.jpg 1 168 82 61 61
1635_0387_0217_0049_0049.jpg 1 387 217 49 49
1636_0045_0092_0066_0066.jpg 1 45 92 66 66
1637_0106_0089_0059_0059.jpg 1 106 89 59 59
1638_0063_0040_0067_0067.jpg 1 63 40 67 67
1639_0257_0310_0057_0057.jpg 1 257 310 57 57
1640_0061_0029_0084_0084.jpg 1 61 29 84 84
1641_0112_0128_0082_0082.jpg 1 112 128 82 82
1642_0433_0200_0064_0064.jpg 1 433 200 64 64
1643_0147_0092_0059_0059.jpg 1 147 92 59 59
1644_0182_0101_0026_0026.jpg 1 182 101 26 26
1645_0037_0093_0037_0037.jpg 1 37 93 37 37
1646_0166_0204_0055_0055.jpg 1 166 204 55 55
1647_0453_0186_0047_0047.jpg 1 453 186 47 47
1648_0064_0084_0058_0058.jpg 1 64 84 58 58
1649_0426_0181_0037_0037.jpg 1 426 181 37 37
1650_0288_0283_0071_0071.jpg 1 288 283 71 71
1651_0083_0077_0070_0070.jpg 1 83 77 70 70
1652_0053_0123_0039_0039.jpg 1 53 123 39 39
1653_0092_0370_0028_0028.jpg 1 92 370 28 28
1654_0508_0285_0070_0070.jpg 1 508 285 70 70
1655_0090_0077_0056_0056.jpg 1 90 77 56 56
1656_0044_0026_0069_0069.jpg 1 44 26 69 69
1657_0453_0237_0034_0034.jpg 1 453 237 34 34
1658_0061_0074_0043_0043.jpg 1 61 74 43 43
1659_0062_0071_0070_0070.jpg 1 62 71 70 70
1660_0512_0374_0043_0043.jpg 1 512 374 43 43
1661_0076_0246_0084_0084.jpg 1 76 246 84 84
1662_0187_0118_0074_0074.jpg 1 187 118 74 74
1663_0071_0324_0083_0083.jpg 1 71 324 83 83
1664_0352_0083_0053_0053.jpg 1 352 83 53 53
1665_0093_0126_0037_0037.jpg 1 93 126 37 37
1666_0118_0160_0050_0050.jpg 1 118 160 50 50
1667_0032_0132_0070_0070.jpg 1 32 132 70 70
1668_0265_0046_0083_0083.jpg 1 265 46 83 83
1669_0032_0139_0083_0083.jpg 1 32 139 83 83
1670_0092_0084_0072_0072.jpg 1 92 84 72 72
1671_0080_0172_0074_0074.jpg 1 80 172 74 74
1672_0427_0051_0052_0052.jpg 1 427 51 52 52
1673_0522_0206_0027_0027.jpg 1 522 206 27 27
1674_0146_0197_0081_0081.jpg 1 146 197 81 81
1675_0497_0093_0087_0087.jpg 1 497 93 87 87
1676_0181_0174_0080_0080.jpg 1 181 174 80 80
1677_0452_0348_0050_0050.jpg 1 452 348 50 50
1678_0225_0054_0027_0027.jpg 1 225 54 27 27
1679_0047_0077_0045_0045.jpg 1 47 77 45 45
1680_0335_0180_0054_0054.jpg 1 335 180 54 54
1681_0069_0143_0057_0057.jpg 1 69 143 57 57
1682_0214_0210_0072_0072.jpg 1 214 210 72 72
1683_0190_0310_0034_0034.jpg 1 190 310 34 34
1684_0087_0140_0030_0030.jpg 1 87 140 30 30
1685_0057_0151_0043_0043.jpg 1 57 151 43 43
1686_0174_0153_0053_0053.jpg 1 174 153 53 53
1687_0329_0352_0075_0075.jpg 1 329 352 75 75
1688_0253_0242_0052_0052.jpg 1 253 242 52 52
1689_0188_0023_0082_0082.jpg 1 188 23 82 82
1690_0356_0344_0048_0048.jpg 1 356 344 48 48
1691_0233_0318_0039_0039.jpg 1 233 318 39 39
1692_0076_0075_0068_0068.jpg 1 76 75 68 68
1693_0149_0066_0053_0053.jpg 1 149 66 53 53
1694_0126_0052_0042_0042.jpg 1 126 52 42 42
1695_0085_0108_0026_0026.jpg 1 85 108 26 26
1696_0143_0048_0037_0037.jpg 1 143 48 37 37
1697_0055_0354_0082_0082.jpg 1 55 354 82 82
1698_0341_0179_0079_0079.jpg 1 341 179 79 79
1699_0118_0025_0051_0051.jpg 1 118 25 51 51
1700_0077_0091_0077_0077.jpg 1 77 91 77 77
1701_0087_0081_0059_0059.jpg 1 87 81 59 59
1702_0094_0361_0078_0078.jpg 1 94 361 78 78
1703_0132_0035_0036_0036.jpg 1 132 35 36 36
1704_0120_0318_0055_0055.jpg 1 120 318 55 55
1705_0091_0048_0038_0038.jpg 1 91 48 38 38
1706_0511_0066_0041_0041.jpg 1 511 66 41 41
1707_0124_0128_0063_0063.jpg 1 124 128 63 63
1708_0050_0066_0066_0066.jpg 1 50 66 66 66
1709_0251_0079_0028_0028.jpg 1 251 79 28 28
1710_0225_0260_0083_0083.jpg 1 225 260 83 83
1711_0470_0269_0058_0058.jpg 1 470 269 58 58
1712_0199_0055_0068_0068.jpg 1 199 55 68 68
1713_0053_0084_0068_0068.jpg 1 53 84 68 68
1714_0112_0202_0066_0066.jpg 1 112 202 66 66
1715_0058_0148_0065_0065.jpg 1 58 148 65 65
1716_0028_0026_0085_0085.jpg 1 28 26 85 85
1717_0252_0172_0037_0037.jpg 1 252 172 37 37
1718_0197_0281_0062_0062.jpg 1 197 281 62 62
1719_0052_0100_0040_0040.jpg 1 52 100 40 40
1720_0078_0160_0038_0038.jpg 1 78 160 38 38
1721_0385_0335_0038_0038.jpg 1 385 335 38 38
1722_0121_0167_0025_0025.jpg 1 121 167 25 25
1723_0170_0082_0067_0067.jpg 1 170 82 67 67
1724_0265_0274_0082_0082.jpg 1 265 274 82 82
1725_0061_0071_0072_0072.jpg 1 61 71 72 72
1726_0107_0094_0087_0087.jpg 1 107 94 87 87
1727_0093_0072_0058_0058.jpg 1 93 72 58 58
1728_0163_0058_0030_0030.jpg 1 163 58 30 30
1729_0101_0082_0071_0071.jpg 1 101 82 71 71
1730_0090_0112_0049_0049.jpg 1 90 112 49 49
1731_0407_0197_0057_0057.jpg 1 407 197 57 57
1732_0100_0100_0039_0039.jpg 1 100 100 39 39
1733_0071_0134_0068_0068.jpg 1 71 134 68 68
1734_0092_0299_0026_0026.jpg 1 92 299 26 26
1735_0140_0103_0087_0087.jpg 1 140 103 87 87
1736_0494_0139_0084_0084.jpg 1 494 139 84 84
1737_0044_0024_0028_0028.jpg 1 44 24 28 28
1738_0246_0344_0084_0084.jpg 1 246 344 84 84
1739_0182_0270_0032_0032.jpg 1 182 270 32 32
1740_0141_0195_0063_0063.jpg 1 141 195 63 63
1741_0160_0099_0031_0031.jpg 1 160 99 31 31
1742_0036_0130_0072_0072.jpg 1 36 130 72 72
1743_0098_0113_0037_0037.jpg 1 98 113 37 37
1744_0166_0033_0033_0033.jpg 1 166 33 33 33
1745_0215_0239_0075_0075.jpg 1 215 239 75 75
1746_0029_0093_0055_0055.jpg 1 29 93 55 55
1747_0080_0138_0080_0080.jpg 1 80 138 80 80
1748_0410_0322_0085_0085.jpg 1 410 322 85 85
1749_0140_0021_0056_0056.jpg 1 140 21 56 56
1750_0256_0146_0040_0040.jpg 1 256 146 40 40
1751_0238_0104_0080_0080.jpg 1 238 104 80 80
1752_0036_0089_0042_0042.jpg 1 36 89 42 42
1753_0129_0168_0029_0029.jpg 1 129 168 29 29
1754_0047_0058_0028_0028.jpg 1 47 58 28 28
1755_0491_0323_0045_0045.jpg 1 491 323 45 45
1756_0060_0128_0042_0042.jpg 1 60 128 42 42
1757_0048_0009_0025_0025.jpg 1 48 9 25 25
1758_0157_0078_0058_0058.jpg 1 157 78 58 58
1759_0279_0159_0058_0058.jpg 1 279 159 58 58
1760_0223_0069_0025_0025.jpg 1 223 69 25 25
1761_0138_0265_0046_0046.jpg 1 138 265 46 46
1762_0269_0100_0081_0081.jpg 1 269 100 81 81
1763_0443_0056_0079_0079.jpg 1 443 56 79 79
1764_0142_0402_0069_0069.jpg 1 142 402 69 69
1765_0024_0084_0079_0079.jpg 1 24 84 79 79
1766_0231_0136_0039_0039.jpg 1 231 136 39 39
1767_0087_0038_0042_0042.jpg 1 87 38 42 42
1768_0199_0355_0049_0049.jpg 1 199 355 49 49
1769_0076_0208_0038_0038.jpg 1 76 208 38 38
1770_0164_0252_0085_0085.jpg 1 164 252 85 85
1771_0030_0037_0084_0084.jpg 1 30 37 84 84
1772_0356_0046_0071_0071.jpg 1 356 46 71 71
1773_0221_0038_0038_0038.jpg 1 221 38 38 38
1774_0323_0354_0073_0073.jpg 1 323 354 73 73
1775_0011_0021_0087_0087.jpg 1 11 21 87 87
1776_0108_0097_0067_0067.jpg 1 108 97 67 67
1777_0312_0341_0056_0056.jpg 1 312 341 56 56
1778_0038_0019_0066_0066.jpg 1 38 19 66 66
1779_0195_0294_0081_0081.jpg 1 195 294 81 81
1780_0128_0163_0048_0048.jpg 1 128 163 48 48
1781_0476_0311_0087_0087.jpg 1 476 311 87 87
1782_0075_0012_0074_0074.jpg 1 75 12 74 74
1783_0233_0052_0069_0069.jpg 1 233 52 69 69
1784_0061_0023_0082_0082.jpg 1 61 23 82 82
1785_0178_0275_0043_0043.jpg 1 178 275 43 43
1786_0337_0353_0058_0058.jpg 1 337 353 58 58
1787_0107_0159_0036_0036.jpg 1 107 159 36 36
1788_0140_0120_0079_0079.jpg 1 140 120 79 79
1789_0051_0116_0029_0029.jpg 1 51 116 29 29
1790_0130_0082_0026_0026.jpg 1 130 82 26 26
1791_0152_0215_0038_0038.jpg 1 152 215 38 38
1792_0131_0149_0026_0026.jpg 1 131 149 26 26
1793_0101_0285_0052_0052.jpg 1 101 285 52 52
1794_0033_0051_0046_0046.jpg 1 33 51 46 46
1795_0319_0188_0071_0071.jpg 1 319 188 71 71
1796_0414_0274_0034_0034.jpg 1 414 274 34 34
1797_0054_0085_0071_0071.jpg 1 54 85 71 71
1798_0088_0182_0038_0038.jpg 1 88 182 38 38
1799_0209_0218_0029_0029.jpg 1 209 218 29 29
1800_0300_0188_0064_0064.jpg 1 300 188 64 64
1801_0290_0462_0055_0055.jpg 1 290 462 55 55
1802_0014_0085_0074_0074.jpg 1 14 85 74 74
1803_0103_0171_0043_0043.jpg 1 103 171 43 43
1804_0048_0098_0068_0068.jpg 1 48 98 68 68
1805_0187_0225_0062_0062.jpg 1 187 225 62 62
1806_0086_0028_0072_0072.jpg 1 86 28 72 72
1807_0075_0041_0085_0085.jpg 1 75 41 85 85
1808_0121_0114_0071_0071.jpg 1 121 114 71 71
1809_0180_0132_0027_0027.jpg 1 180 132 27 27
1810_0263_0430_0027_0027.jpg 1 263 430 27 27
1811_0341_0213_0061_0061.jpg 1 341 213 61 61
1812_0401_0345_0067_0067.jpg 1 401 345 67 67
1813_0064_0259_0085_0085.jpg 1 64 259 85 85
1814_0239_0187_0071_0071.jpg 1 239 187 71 71
1815_0131_0150_0058_0058.jpg 1 131 150 58 58
1816_0132_0347_0039_0039.jpg 1 132 347 39 39
1817_0097_0425_0057_0057.jpg 1 97 425 57 57
1818_0167_0045_0064_0064.jpg 1 167 45 64 64
1819_0412_0095_0083_0083.jpg 1 412 95 83 83
1820_0398_0154_0059_0059.jpg 1 398 154 59 59
1821_0327_0149_0063_0063.jpg 1 327 149 63 63
1822_0084_0284_0026_0026.jpg 1 84 284 26 26
1823_0235_0090_0033_0033.jpg 1 235 90 33 33
1824_0223_0324_0074_0074.jpg 1 223 324 74 74
1825_0455_0100_0062_0062.jpg 1 455 100 62 62
1826_0047_0074_0076_0076.jpg 1 47 74 76 76
1827_0245_0288_0083_0083.jpg 1 245 288 83 83
1828_0094_0024_0050_0050.jpg 1 94 24 50 50
1829_0093_0158_0063_0063.jpg 1 93 158 63 63
1830_0297_0274_0044_0044.jpg 1 297 274 44 44
1831_0257_0061_0066_0066.jpg 1 257 61 66 66
1832_0396_0158_0078_0078.jpg 1 396 158 78 78
1833_0098_0061_0084_0084.jpg 1 98 61 84 84
1834_0195_0042_0047_0047.jpg 1 195 42 47 47
1835_0138_0351_0074_0074.jpg 1 138 351 74 74
1836_0125_0344_0042_0042.jpg 1 125 344 42 42
1837_0255_0066_0054_0054.jpg 1 255 66 54 54
1838_0406_0285_0084_0084.jpg 1 406 285 84 84
1839_0186_0340_0038_0038.jpg 1 186 340 38 38
1840_0028_0030_0063_0063.jpg 1 28 30 63 63
1841_0423_0138_0051_0051.jpg 1 423 138 51 51
1842_0239_0155_0034_0034.jpg 1 239 155 34 34
1843_0234_0069_0044_0044.jpg 1 234 69 44 44
1844_0205_0258_0081_0081.jpg 1 205 258 81 81
1845_0323_0445_0075_0075.jpg 1 323 445 75 75
1846_0185_0081_0079_0079.jpg 1 185 81 79 79
1847_0046_0044_0069_0069.jpg 1 46 44 69 69
1848_0214_0019_0071_0071.jpg 1 214 19 71 71
1849_0070_0024_0080_0080.jpg 1 70 24 80 80
1850_0338_0384_0044_0044.jpg 1 338 384 44 44
1851_0151_0109_0046_0046.jpg 1 151 109 46 46
1852_0104_0072_0069_0069.jpg 1 104 72 69 69
1853_0510_0159_0035_0035.jpg 1 510 159 35 35
1854_0293_0295_0046_0046.jpg 1 293 295 46 46
1855_0243_0276_0065_0065.jpg 1 243 276 65 65
1856_0118_0085_0078_0078.jpg 1 118 85 78 78
1857_0204_0060_0047_0047.jpg 1 204 60 47 47
1858_0077_0055_0087_0087.jpg 1 77 55 87 87
1859_0429_0302_0044_0044.jpg 1 429 302 44 44
1860_0338_0195_0029_0029.jpg 1 338 195 29 29
1861_0494_0223_0026_0026.jpg 1 494 223 26 26
1862_0315_0227_0081_0081.jpg 1 315 227 81 81
1863_0391_0231_0075_0075.jpg 1 391 231 75 75
1864_0286_0472_0073_0073.jpg 1 286 472 73 73
1865_0203_0086_0062_0062.jpg 1 203 86 62 62
1866_0397_0288_0065_0065.jpg 1 397 288 65 65
1867_0377_0199_0057_0057.jpg 1 377 199 57 57
1868_0233_0141_0051_0051.jpg 1 233 141 51 51
1869_0335_0131_0038_0038.jpg 1 335 131 38 38
1870_0175_0030_0060_0060.jpg 1 175 30 60 60
1871_0481_0216_0036_0036.jpg 1 481 216 36 36
1872_0226_0216_0036_0036.jpg 1 226 216 36 36
1873_0142_0148_0071_0071.jpg 1 142 148 71 71
1874_0092_0140_0067_0067.jpg 1 92 140 67 67
1875_0069_0140_0072_0072.jpg 1 69 140 72 72
1876_0140_0051_0061_0061.jpg 1 140 51 61 61
1877_0290_0084_0047_0047.jpg 1 290 84 47 47
1878_0095_0020_0068_0068.jpg 1 95 20 68 68
1879_0255_0179_0083_0083.jpg 1 255 179 83 83
1880_0230_0086_0025_0025.jpg 1 230 86 25 25
1881_0094_0386_0049_0049.jpg 1 94 386 49 49
1882_0089_0122_0078_0078.jpg 1 89 122 78 78
1883_0435_0086_0049_0049.jpg 1 435 86 49 49
1884_0049_0031_0057_0057.jpg 1 49 31 57 57
1885_0484_0286_0087_0087.jpg 1 484 286 87 87
1886_0027_0076_0074_0074.jpg 1 27 76 74 74
1887_0110_0030_0054_0054.jpg 1 110 30 54 54
1888_0066_0051_0053_0053.jpg 1 66 51 53 53
1889_0501_0231_0078_0078.jpg 1 501 231 78 78
1890_0208_0133_0078_0078.jpg 1 208 133 78 78
1891_0449_0278_0056_0056.jpg 1 449 278 56 56
1892_0191_0138_0026_0026.jpg 1 191 138 26 26
1893_0478_0260_0078_0078.jpg 1 478 260 78 78
1894_0196_0064_0058_0058.jpg 1 196 64 58 58
1895_0106_0162_0055_0055.jpg 1 106 162 55 55
1896_0073_0109_0058_0058.jpg 1 73 109 58 58
1897_0104_0143_0054_0054.jpg 1 104 143 54 54
1898_0050_0090_0060_0060.jpg 1 50 90 60 60
1899_0475_0187_0060_0060.jpg 1 475 187 60 60
1900_0154_0041_0078_0078.jpg 1 154 41 78 78
1901_0039_0155_0024_0024.jpg 1 39 155 24 24
1902_0055_0095_0079_0079.jpg 1 55 95 79 79
1903_0067_0351_0065_0065.jpg 1 67 351 65 65
1904_0272_0379_0048_0048.jpg 1 272 379 48 48
1905_0102_0098_0049_0049.jpg 1 102 98 49 49
1906_0386_0323_0033_0033.jpg 1 386 323 33 33
1907_0146_0044_0049_0049.jpg 1 146 44 49 49
1908_0255_0225_0030_0030.jpg 1 255 225 30 30
1909_0088_0117_0060_0060.jpg 1 88 117 60 60
1910_0512_0158_0032_0032.jpg 1 512 158 32 32
1911_0151_0181_0035_0035.jpg 1 151 181 35 35
1912_0178_0123_0076_0076.jpg 1 178 123 76 76
1913_0143_0082_0082_0082.jpg 1 143 82 82 82
1914_0149_0024_0056_0056.jpg 1 149 24 56 56
1915_0225_0345_0028_0028.jpg 1 225 345 28 28
1916_0025_0094_0080_0080.jpg 1 25 94 80 80
1917_0290_0356_0039_0039.jpg 1 290 356 39 39
1918_0246_0270_0027_0027.jpg 1 246 270 27 27
1919_0013_0158_0046_0046.jpg 1 13 158 46 46
1920_0242_0109_0076_0076.jpg 1 242 109 76 76
1921_0287_0103_0062_0062.jpg 1 287 103 62 62
1922_0118_0158_0033_0033.jpg 1 118 158 33 33
1923_0086_0024_0066_0066.jpg 1 86 24 66 66
1924_0041_0154_0053_0053.jpg 1 41 154 53 53
1925_0073_0071_0035_0035.jpg 1 73 71 35 35
1926_0392_0137_0037_0037.jpg 1 392 137 37 37
1927_0082_0089_0030_0030.jpg 1 82 89 30 30
1928_0344_0376_0044_0044.jpg 1 344 376 44 44
1929_0046_0041_0077_0077.jpg 1 46 41 77 77
1930_0057_0075_0072_0072.jpg 1 57 75 72 72
1931_0387_0071_0057_0057.jpg 1 387 71 57 57
1932_0375_0244_0051_0051.jpg 1 375 244 51 51
1933_0423_0049_0044_0044.jpg 1 423 49 44 44
1934_0175_0207_0078_0078.jpg 1 175 207 78 78
1935_0062_0160_0057_0057.jpg 1 62 160 57 57
1936_0386_0208_0072_0072.jpg 1 386 208 72 72
1937_0042_0136_0081_0081.jpg 1 42 136 81 81
1938_0103_0087_0043_0043.jpg 1 103 87 43 43
1939_0028_0026_0033_0033.jpg 1 28 26 33 33
1940_0390_0299_0087_0087.jpg 1 390 299 87 87
1941_0127_0143_0074_0074.jpg 1 127 143 74 74
1942_0422_0222_0030_0030.jpg 1 422 222 30 30
1943_0417_0068_0060_0060.jpg 1 417 68 60 60
1944_0287_0163_0073_0073.jpg 1 287 163 73 73
1945_0253_0378_0027_0027.jpg 1 253 378 27 27
1946_0129_0138_0044_0044.jpg 1 129 138 44 44
1947_0491_0091_0076_0076.jpg 1 491 91 76 76
1948_0090_0021_0038_0038.jpg 1 90 21 38 38
1949_0359_0180_0045_0045.jpg 1 359 180 45 45
1950_0466_0315_0066_0066.jpg 1 466 315 66 66
